2020.05.21 17:08:50.172 [DEBUG] com.github.elkanuco.stream.encryption.PgpService: Adding provider to java's security manager.
2020.05.21 17:08:50.172 [INFO] com.github.elkanuco.stream.encryption.PgpServiceTest: Written 0MB streamed
2020.05.21 17:08:50.178 [DEBUG] com.github.elkanuco.stream.encryption.PgpService: Reading publick key.
2020.05.21 17:08:50.186 [DEBUG] com.github.elkanuco.stream.encryption.PgpUtils: Starting PGP encryption.
2020.05.21 17:08:50.186 [DEBUG] com.github.elkanuco.stream.encryption.PgpCompressionService: Compressing the stream
2020.05.21 17:08:50.188 [DEBUG] com.github.elkanuco.stream.encryption.PgpEncryptionService: Encrypting the stream
2020.05.21 17:08:50.232 [INFO] com.github.elkanuco.stream.encryption.PgpServiceTest: Written 1MB streamed
2020.05.21 17:08:50.255 [INFO] com.github.elkanuco.stream.encryption.PgpServiceTest: Written 2MB streamed
2020.05.21 17:08:50.276 [INFO] com.github.elkanuco.stream.encryption.PgpServiceTest: Written 3MB streamed
2020.05.21 17:08:50.400 [INFO] com.github.elkanuco.stream.encryption.PgpServiceTest: Written 4MB streamed
2020.05.21 17:08:50.432 [INFO] com.github.elkanuco.stream.encryption.PgpServiceTest: Written 5MB streamed
2020.05.21 17:08:50.455 [INFO] com.github.elkanuco.stream.encryption.PgpServiceTest: Written 6MB streamed
2020.05.21 17:08:50.475 [INFO] com.github.elkanuco.stream.encryption.PgpServiceTest: Written 7MB streamed
2020.05.21 17:08:50.550 [INFO] com.github.elkanuco.stream.encryption.PgpServiceTest: Written 8MB streamed
2020.05.21 17:08:50.575 [INFO] com.github.elkanuco.stream.encryption.PgpServiceTest: Written 9MB streamed
2020.05.21 17:08:50.594 [INFO] com.github.elkanuco.stream.encryption.PgpServiceTest: Written 10MB streamed
2020.05.21 17:08:50.616 [INFO] com.github.elkanuco.stream.encryption.PgpServiceTest: Written 11MB streamed
2020.05.21 17:08:50.675 [INFO] com.github.elkanuco.stream.encryption.PgpServiceTest: Written 12MB streamed
2020.05.21 17:08:50.695 [INFO] com.github.elkanuco.stream.encryption.PgpServiceTest: Written 13MB streamed
2020.05.21 17:08:50.714 [INFO] com.github.elkanuco.stream.encryption.PgpServiceTest: Written 14MB streamed
2020.05.21 17:08:50.734 [INFO] com.github.elkanuco.stream.encryption.PgpServiceTest: Written 15MB streamed
2020.05.21 17:08:50.794 [INFO] com.github.elkanuco.stream.encryption.PgpServiceTest: Written 16MB streamed
2020.05.21 17:08:50.812 [INFO] com.github.elkanuco.stream.encryption.PgpServiceTest: Written 17MB streamed
2020.05.21 17:08:50.830 [INFO] com.github.elkanuco.stream.encryption.PgpServiceTest: Written 18MB streamed
2020.05.21 17:08:50.869 [INFO] com.github.elkanuco.stream.encryption.PgpServiceTest: Written 19MB streamed
2020.05.21 17:08:50.887 [INFO] com.github.elkanuco.stream.encryption.PgpServiceTest: Written 20MB streamed
2020.05.21 17:08:50.908 [INFO] com.github.elkanuco.stream.encryption.PgpServiceTest: Written 21MB streamed
2020.05.21 17:08:50.927 [INFO] com.github.elkanuco.stream.encryption.PgpServiceTest: Written 22MB streamed
2020.05.21 17:08:50.983 [INFO] com.github.elkanuco.stream.encryption.PgpServiceTest: Written 23MB streamed
2020.05.21 17:08:51.000 [INFO] com.github.elkanuco.stream.encryption.PgpServiceTest: Written 24MB streamed
2020.05.21 17:08:51.018 [INFO] com.github.elkanuco.stream.encryption.PgpServiceTest: Written 25MB streamed
2020.05.21 17:08:51.035 [INFO] com.github.elkanuco.stream.encryption.PgpServiceTest: Written 26MB streamed
2020.05.21 17:08:51.095 [INFO] com.github.elkanuco.stream.encryption.PgpServiceTest: Written 27MB streamed
2020.05.21 17:08:51.113 [INFO] com.github.elkanuco.stream.encryption.PgpServiceTest: Written 28MB streamed
2020.05.21 17:08:51.131 [INFO] com.github.elkanuco.stream.encryption.PgpServiceTest: Written 29MB streamed
2020.05.21 17:08:51.149 [INFO] com.github.elkanuco.stream.encryption.PgpServiceTest: Written 30MB streamed
2020.05.21 17:08:51.186 [INFO] com.github.elkanuco.stream.encryption.PgpServiceTest: Written 31MB streamed
2020.05.21 17:08:51.204 [INFO] com.github.elkanuco.stream.encryption.PgpServiceTest: Written 32MB streamed
2020.05.21 17:08:51.221 [INFO] com.github.elkanuco.stream.encryption.PgpServiceTest: Written 33MB streamed
2020.05.21 17:08:51.279 [INFO] com.github.elkanuco.stream.encryption.PgpServiceTest: Written 34MB streamed
2020.05.21 17:08:51.297 [INFO] com.github.elkanuco.stream.encryption.PgpServiceTest: Written 35MB streamed
2020.05.21 17:08:51.315 [INFO] com.github.elkanuco.stream.encryption.PgpServiceTest: Written 36MB streamed
2020.05.21 17:08:51.334 [INFO] com.github.elkanuco.stream.encryption.PgpServiceTest: Written 37MB streamed
2020.05.21 17:08:51.370 [INFO] com.github.elkanuco.stream.encryption.PgpServiceTest: Written 38MB streamed
2020.05.21 17:08:51.388 [INFO] com.github.elkanuco.stream.encryption.PgpServiceTest: Written 39MB streamed
2020.05.21 17:08:51.406 [INFO] com.github.elkanuco.stream.encryption.PgpServiceTest: Written 40MB streamed
2020.05.21 17:08:51.423 [INFO] com.github.elkanuco.stream.encryption.PgpServiceTest: Written 41MB streamed
2020.05.21 17:08:51.482 [INFO] com.github.elkanuco.stream.encryption.PgpServiceTest: Written 42MB streamed
2020.05.21 17:08:51.500 [INFO] com.github.elkanuco.stream.encryption.PgpServiceTest: Written 43MB streamed
2020.05.21 17:08:51.520 [INFO] com.github.elkanuco.stream.encryption.PgpServiceTest: Written 44MB streamed
2020.05.21 17:08:51.542 [INFO] com.github.elkanuco.stream.encryption.PgpServiceTest: Written 45MB streamed
2020.05.21 17:08:51.603 [INFO] com.github.elkanuco.stream.encryption.PgpServiceTest: Written 46MB streamed
2020.05.21 17:08:51.621 [INFO] com.github.elkanuco.stream.encryption.PgpServiceTest: Written 47MB streamed
2020.05.21 17:08:51.640 [INFO] com.github.elkanuco.stream.encryption.PgpServiceTest: Written 48MB streamed
2020.05.21 17:08:51.680 [INFO] com.github.elkanuco.stream.encryption.PgpServiceTest: Written 49MB streamed
2020.05.21 17:08:51.717 [INFO] com.github.elkanuco.stream.encryption.PgpServiceTest: Written 50MB streamed
2020.05.21 17:08:51.737 [INFO] com.github.elkanuco.stream.encryption.PgpServiceTest: Written 51MB streamed
2020.05.21 17:08:51.760 [INFO] com.github.elkanuco.stream.encryption.PgpServiceTest: Written 52MB streamed
2020.05.21 17:08:51.820 [INFO] com.github.elkanuco.stream.encryption.PgpServiceTest: Written 53MB streamed
2020.05.21 17:08:51.837 [INFO] com.github.elkanuco.stream.encryption.PgpServiceTest: Written 54MB streamed
2020.05.21 17:08:51.854 [INFO] com.github.elkanuco.stream.encryption.PgpServiceTest: Written 55MB streamed
2020.05.21 17:08:51.870 [INFO] com.github.elkanuco.stream.encryption.PgpServiceTest: Written 56MB streamed
2020.05.21 17:08:51.907 [INFO] com.github.elkanuco.stream.encryption.PgpServiceTest: Written 57MB streamed
2020.05.21 17:08:51.925 [INFO] com.github.elkanuco.stream.encryption.PgpServiceTest: Written 58MB streamed
2020.05.21 17:08:51.945 [INFO] com.github.elkanuco.stream.encryption.PgpServiceTest: Written 59MB streamed
2020.05.21 17:08:51.964 [INFO] com.github.elkanuco.stream.encryption.PgpServiceTest: Written 60MB streamed
2020.05.21 17:08:52.025 [INFO] com.github.elkanuco.stream.encryption.PgpServiceTest: Written 61MB streamed
2020.05.21 17:08:52.044 [INFO] com.github.elkanuco.stream.encryption.PgpServiceTest: Written 62MB streamed
2020.05.21 17:08:52.061 [INFO] com.github.elkanuco.stream.encryption.PgpServiceTest: Written 63MB streamed
2020.05.21 17:08:52.096 [INFO] com.github.elkanuco.stream.encryption.PgpServiceTest: Written 64MB streamed
2020.05.21 17:08:52.115 [INFO] com.github.elkanuco.stream.encryption.PgpServiceTest: Written 65MB streamed
2020.05.21 17:08:52.133 [INFO] com.github.elkanuco.stream.encryption.PgpServiceTest: Written 66MB streamed
2020.05.21 17:08:52.153 [INFO] com.github.elkanuco.stream.encryption.PgpServiceTest: Written 67MB streamed
2020.05.21 17:08:52.217 [INFO] com.github.elkanuco.stream.encryption.PgpServiceTest: Written 68MB streamed
2020.05.21 17:08:52.236 [INFO] com.github.elkanuco.stream.encryption.PgpServiceTest: Written 69MB streamed
2020.05.21 17:08:52.253 [INFO] com.github.elkanuco.stream.encryption.PgpServiceTest: Written 70MB streamed
2020.05.21 17:08:52.271 [INFO] com.github.elkanuco.stream.encryption.PgpServiceTest: Written 71MB streamed
2020.05.21 17:08:52.325 [INFO] com.github.elkanuco.stream.encryption.PgpServiceTest: Written 72MB streamed
2020.05.21 17:08:52.344 [INFO] com.github.elkanuco.stream.encryption.PgpServiceTest: Written 73MB streamed
2020.05.21 17:08:52.362 [INFO] com.github.elkanuco.stream.encryption.PgpServiceTest: Written 74MB streamed
2020.05.21 17:08:52.380 [INFO] com.github.elkanuco.stream.encryption.PgpServiceTest: Written 75MB streamed
2020.05.21 17:08:52.418 [INFO] com.github.elkanuco.stream.encryption.PgpServiceTest: Written 76MB streamed
2020.05.21 17:08:52.438 [INFO] com.github.elkanuco.stream.encryption.PgpServiceTest: Written 77MB streamed
2020.05.21 17:08:52.457 [INFO] com.github.elkanuco.stream.encryption.PgpServiceTest: Written 78MB streamed
2020.05.21 17:08:52.474 [INFO] com.github.elkanuco.stream.encryption.PgpServiceTest: Written 79MB streamed
2020.05.21 17:08:52.529 [INFO] com.github.elkanuco.stream.encryption.PgpServiceTest: Written 80MB streamed
2020.05.21 17:08:52.547 [INFO] com.github.elkanuco.stream.encryption.PgpServiceTest: Written 81MB streamed
2020.05.21 17:08:52.565 [INFO] com.github.elkanuco.stream.encryption.PgpServiceTest: Written 82MB streamed
2020.05.21 17:08:52.605 [INFO] com.github.elkanuco.stream.encryption.PgpServiceTest: Written 83MB streamed
2020.05.21 17:08:52.624 [INFO] com.github.elkanuco.stream.encryption.PgpServiceTest: Written 84MB streamed
2020.05.21 17:08:52.643 [INFO] com.github.elkanuco.stream.encryption.PgpServiceTest: Written 85MB streamed
2020.05.21 17:08:52.660 [INFO] com.github.elkanuco.stream.encryption.PgpServiceTest: Written 86MB streamed
2020.05.21 17:08:52.719 [INFO] com.github.elkanuco.stream.encryption.PgpServiceTest: Written 87MB streamed
2020.05.21 17:08:52.736 [INFO] com.github.elkanuco.stream.encryption.PgpServiceTest: Written 88MB streamed
2020.05.21 17:08:52.755 [INFO] com.github.elkanuco.stream.encryption.PgpServiceTest: Written 89MB streamed
2020.05.21 17:08:52.778 [INFO] com.github.elkanuco.stream.encryption.PgpServiceTest: Written 90MB streamed
2020.05.21 17:08:52.819 [INFO] com.github.elkanuco.stream.encryption.PgpServiceTest: Written 91MB streamed
2020.05.21 17:08:52.840 [INFO] com.github.elkanuco.stream.encryption.PgpServiceTest: Written 92MB streamed
2020.05.21 17:08:52.859 [INFO] com.github.elkanuco.stream.encryption.PgpServiceTest: Written 93MB streamed
2020.05.21 17:08:52.877 [INFO] com.github.elkanuco.stream.encryption.PgpServiceTest: Written 94MB streamed
2020.05.21 17:08:52.932 [INFO] com.github.elkanuco.stream.encryption.PgpServiceTest: Written 95MB streamed
2020.05.21 17:08:52.949 [INFO] com.github.elkanuco.stream.encryption.PgpServiceTest: Written 96MB streamed
2020.05.21 17:08:52.971 [INFO] com.github.elkanuco.stream.encryption.PgpServiceTest: Written 97MB streamed
2020.05.21 17:08:53.035 [INFO] com.github.elkanuco.stream.encryption.PgpServiceTest: Written 98MB streamed
2020.05.21 17:08:53.055 [INFO] com.github.elkanuco.stream.encryption.PgpServiceTest: Written 99MB streamed
2020.05.21 17:08:53.077 [INFO] com.github.elkanuco.stream.encryption.PgpServiceTest: Written 100MB streamed
2020.05.21 17:08:53.095 [INFO] com.github.elkanuco.stream.encryption.PgpServiceTest: Written 101MB streamed
2020.05.21 17:08:53.131 [INFO] com.github.elkanuco.stream.encryption.PgpServiceTest: Written 102MB streamed
2020.05.21 17:08:53.148 [INFO] com.github.elkanuco.stream.encryption.PgpServiceTest: Written 103MB streamed
2020.05.21 17:08:53.165 [INFO] com.github.elkanuco.stream.encryption.PgpServiceTest: Written 104MB streamed
2020.05.21 17:08:53.183 [INFO] com.github.elkanuco.stream.encryption.PgpServiceTest: Written 105MB streamed
2020.05.21 17:08:53.240 [INFO] com.github.elkanuco.stream.encryption.PgpServiceTest: Written 106MB streamed
2020.05.21 17:08:53.258 [INFO] com.github.elkanuco.stream.encryption.PgpServiceTest: Written 107MB streamed
2020.05.21 17:08:53.278 [INFO] com.github.elkanuco.stream.encryption.PgpServiceTest: Written 108MB streamed
2020.05.21 17:08:53.295 [INFO] com.github.elkanuco.stream.encryption.PgpServiceTest: Written 109MB streamed
2020.05.21 17:08:53.330 [INFO] com.github.elkanuco.stream.encryption.PgpServiceTest: Written 110MB streamed
2020.05.21 17:08:53.347 [INFO] com.github.elkanuco.stream.encryption.PgpServiceTest: Written 111MB streamed
2020.05.21 17:08:53.363 [INFO] com.github.elkanuco.stream.encryption.PgpServiceTest: Written 112MB streamed
2020.05.21 17:08:53.418 [INFO] com.github.elkanuco.stream.encryption.PgpServiceTest: Written 113MB streamed
2020.05.21 17:08:53.439 [INFO] com.github.elkanuco.stream.encryption.PgpServiceTest: Written 114MB streamed
2020.05.21 17:08:53.459 [INFO] com.github.elkanuco.stream.encryption.PgpServiceTest: Written 115MB streamed
2020.05.21 17:08:53.477 [INFO] com.github.elkanuco.stream.encryption.PgpServiceTest: Written 116MB streamed
2020.05.21 17:08:53.533 [INFO] com.github.elkanuco.stream.encryption.PgpServiceTest: Written 117MB streamed
2020.05.21 17:08:53.551 [INFO] com.github.elkanuco.stream.encryption.PgpServiceTest: Written 118MB streamed
2020.05.21 17:08:53.568 [INFO] com.github.elkanuco.stream.encryption.PgpServiceTest: Written 119MB streamed
2020.05.21 17:08:53.585 [INFO] com.github.elkanuco.stream.encryption.PgpServiceTest: Written 120MB streamed
2020.05.21 17:08:53.621 [INFO] com.github.elkanuco.stream.encryption.PgpServiceTest: Written 121MB streamed
2020.05.21 17:08:53.640 [INFO] com.github.elkanuco.stream.encryption.PgpServiceTest: Written 122MB streamed
2020.05.21 17:08:53.659 [INFO] com.github.elkanuco.stream.encryption.PgpServiceTest: Written 123MB streamed
2020.05.21 17:08:53.677 [INFO] com.github.elkanuco.stream.encryption.PgpServiceTest: Written 124MB streamed
2020.05.21 17:08:53.737 [INFO] com.github.elkanuco.stream.encryption.PgpServiceTest: Written 125MB streamed
2020.05.21 17:08:53.755 [INFO] com.github.elkanuco.stream.encryption.PgpServiceTest: Written 126MB streamed
2020.05.21 17:08:53.773 [INFO] com.github.elkanuco.stream.encryption.PgpServiceTest: Written 127MB streamed
2020.05.21 17:08:53.808 [INFO] com.github.elkanuco.stream.encryption.PgpServiceTest: Written 128MB streamed
2020.05.21 17:08:53.825 [INFO] com.github.elkanuco.stream.encryption.PgpServiceTest: Written 129MB streamed
2020.05.21 17:08:53.843 [INFO] com.github.elkanuco.stream.encryption.PgpServiceTest: Written 130MB streamed
2020.05.21 17:08:53.863 [INFO] com.github.elkanuco.stream.encryption.PgpServiceTest: Written 131MB streamed
2020.05.21 17:08:53.919 [INFO] com.github.elkanuco.stream.encryption.PgpServiceTest: Written 132MB streamed
2020.05.21 17:08:53.938 [INFO] com.github.elkanuco.stream.encryption.PgpServiceTest: Written 133MB streamed
2020.05.21 17:08:53.955 [INFO] com.github.elkanuco.stream.encryption.PgpServiceTest: Written 134MB streamed
2020.05.21 17:08:53.972 [INFO] com.github.elkanuco.stream.encryption.PgpServiceTest: Written 135MB streamed
2020.05.21 17:08:54.007 [INFO] com.github.elkanuco.stream.encryption.PgpServiceTest: Written 136MB streamed
2020.05.21 17:08:54.023 [INFO] com.github.elkanuco.stream.encryption.PgpServiceTest: Written 137MB streamed
2020.05.21 17:08:54.039 [INFO] com.github.elkanuco.stream.encryption.PgpServiceTest: Written 138MB streamed
2020.05.21 17:08:54.056 [INFO] com.github.elkanuco.stream.encryption.PgpServiceTest: Written 139MB streamed
2020.05.21 17:08:54.111 [INFO] com.github.elkanuco.stream.encryption.PgpServiceTest: Written 140MB streamed
2020.05.21 17:08:54.128 [INFO] com.github.elkanuco.stream.encryption.PgpServiceTest: Written 141MB streamed
2020.05.21 17:08:54.145 [INFO] com.github.elkanuco.stream.encryption.PgpServiceTest: Written 142MB streamed
2020.05.21 17:08:54.162 [INFO] com.github.elkanuco.stream.encryption.PgpServiceTest: Written 143MB streamed
2020.05.21 17:08:54.216 [INFO] com.github.elkanuco.stream.encryption.PgpServiceTest: Written 144MB streamed
2020.05.21 17:08:54.232 [INFO] com.github.elkanuco.stream.encryption.PgpServiceTest: Written 145MB streamed
2020.05.21 17:08:54.248 [INFO] com.github.elkanuco.stream.encryption.PgpServiceTest: Written 146MB streamed
2020.05.21 17:08:54.284 [INFO] com.github.elkanuco.stream.encryption.PgpServiceTest: Written 147MB streamed
2020.05.21 17:08:54.301 [INFO] com.github.elkanuco.stream.encryption.PgpServiceTest: Written 148MB streamed
2020.05.21 17:08:54.317 [INFO] com.github.elkanuco.stream.encryption.PgpServiceTest: Written 149MB streamed
2020.05.21 17:08:54.332 [INFO] com.github.elkanuco.stream.encryption.PgpServiceTest: Written 150MB streamed
2020.05.21 17:08:54.384 [INFO] com.github.elkanuco.stream.encryption.PgpServiceTest: Written 151MB streamed
2020.05.21 17:08:54.402 [INFO] com.github.elkanuco.stream.encryption.PgpServiceTest: Written 152MB streamed
2020.05.21 17:08:54.420 [INFO] com.github.elkanuco.stream.encryption.PgpServiceTest: Written 153MB streamed
2020.05.21 17:08:54.439 [INFO] com.github.elkanuco.stream.encryption.PgpServiceTest: Written 154MB streamed
2020.05.21 17:08:54.477 [INFO] com.github.elkanuco.stream.encryption.PgpServiceTest: Written 155MB streamed
2020.05.21 17:08:54.494 [INFO] com.github.elkanuco.stream.encryption.PgpServiceTest: Written 156MB streamed
2020.05.21 17:08:54.511 [INFO] com.github.elkanuco.stream.encryption.PgpServiceTest: Written 157MB streamed
2020.05.21 17:08:54.528 [INFO] com.github.elkanuco.stream.encryption.PgpServiceTest: Written 158MB streamed
2020.05.21 17:08:54.582 [INFO] com.github.elkanuco.stream.encryption.PgpServiceTest: Written 159MB streamed
2020.05.21 17:08:54.598 [INFO] com.github.elkanuco.stream.encryption.PgpServiceTest: Written 160MB streamed
2020.05.21 17:08:54.614 [INFO] com.github.elkanuco.stream.encryption.PgpServiceTest: Written 161MB streamed
2020.05.21 17:08:54.667 [INFO] com.github.elkanuco.stream.encryption.PgpServiceTest: Written 162MB streamed
2020.05.21 17:08:54.684 [INFO] com.github.elkanuco.stream.encryption.PgpServiceTest: Written 163MB streamed
2020.05.21 17:08:54.701 [INFO] com.github.elkanuco.stream.encryption.PgpServiceTest: Written 164MB streamed
2020.05.21 17:08:54.717 [INFO] com.github.elkanuco.stream.encryption.PgpServiceTest: Written 165MB streamed
2020.05.21 17:08:54.753 [INFO] com.github.elkanuco.stream.encryption.PgpServiceTest: Written 166MB streamed
2020.05.21 17:08:54.770 [INFO] com.github.elkanuco.stream.encryption.PgpServiceTest: Written 167MB streamed
2020.05.21 17:08:54.788 [INFO] com.github.elkanuco.stream.encryption.PgpServiceTest: Written 168MB streamed
2020.05.21 17:08:54.804 [INFO] com.github.elkanuco.stream.encryption.PgpServiceTest: Written 169MB streamed
2020.05.21 17:08:54.860 [INFO] com.github.elkanuco.stream.encryption.PgpServiceTest: Written 170MB streamed
2020.05.21 17:08:54.878 [INFO] com.github.elkanuco.stream.encryption.PgpServiceTest: Written 171MB streamed
2020.05.21 17:08:54.895 [INFO] com.github.elkanuco.stream.encryption.PgpServiceTest: Written 172MB streamed
2020.05.21 17:08:54.913 [INFO] com.github.elkanuco.stream.encryption.PgpServiceTest: Written 173MB streamed
2020.05.21 17:08:54.953 [INFO] com.github.elkanuco.stream.encryption.PgpServiceTest: Written 174MB streamed
2020.05.21 17:08:54.976 [INFO] com.github.elkanuco.stream.encryption.PgpServiceTest: Written 175MB streamed
2020.05.21 17:08:54.995 [INFO] com.github.elkanuco.stream.encryption.PgpServiceTest: Written 176MB streamed
2020.05.21 17:08:55.051 [INFO] com.github.elkanuco.stream.encryption.PgpServiceTest: Written 177MB streamed
2020.05.21 17:08:55.069 [INFO] com.github.elkanuco.stream.encryption.PgpServiceTest: Written 178MB streamed
2020.05.21 17:08:55.086 [INFO] com.github.elkanuco.stream.encryption.PgpServiceTest: Written 179MB streamed
2020.05.21 17:08:55.103 [INFO] com.github.elkanuco.stream.encryption.PgpServiceTest: Written 180MB streamed
2020.05.21 17:08:55.138 [INFO] com.github.elkanuco.stream.encryption.PgpServiceTest: Written 181MB streamed
2020.05.21 17:08:55.154 [INFO] com.github.elkanuco.stream.encryption.PgpServiceTest: Written 182MB streamed
2020.05.21 17:08:55.170 [INFO] com.github.elkanuco.stream.encryption.PgpServiceTest: Written 183MB streamed
2020.05.21 17:08:55.187 [INFO] com.github.elkanuco.stream.encryption.PgpServiceTest: Written 184MB streamed
2020.05.21 17:08:55.243 [INFO] com.github.elkanuco.stream.encryption.PgpServiceTest: Written 185MB streamed
2020.05.21 17:08:55.276 [INFO] com.github.elkanuco.stream.encryption.PgpServiceTest: Written 186MB streamed
2020.05.21 17:08:55.308 [INFO] com.github.elkanuco.stream.encryption.PgpServiceTest: Written 187MB streamed
2020.05.21 17:08:55.329 [INFO] com.github.elkanuco.stream.encryption.PgpServiceTest: Written 188MB streamed
2020.05.21 17:08:55.389 [INFO] com.github.elkanuco.stream.encryption.PgpServiceTest: Written 189MB streamed
2020.05.21 17:08:55.406 [INFO] com.github.elkanuco.stream.encryption.PgpServiceTest: Written 190MB streamed
2020.05.21 17:08:55.423 [INFO] com.github.elkanuco.stream.encryption.PgpServiceTest: Written 191MB streamed
2020.05.21 17:08:55.460 [INFO] com.github.elkanuco.stream.encryption.PgpServiceTest: Written 192MB streamed
2020.05.21 17:08:55.478 [INFO] com.github.elkanuco.stream.encryption.PgpServiceTest: Written 193MB streamed
2020.05.21 17:08:55.495 [INFO] com.github.elkanuco.stream.encryption.PgpServiceTest: Written 194MB streamed
2020.05.21 17:08:55.512 [INFO] com.github.elkanuco.stream.encryption.PgpServiceTest: Written 195MB streamed
2020.05.21 17:08:55.565 [INFO] com.github.elkanuco.stream.encryption.PgpServiceTest: Written 196MB streamed
2020.05.21 17:08:55.582 [INFO] com.github.elkanuco.stream.encryption.PgpServiceTest: Written 197MB streamed
2020.05.21 17:08:55.599 [INFO] com.github.elkanuco.stream.encryption.PgpServiceTest: Written 198MB streamed
2020.05.21 17:08:55.616 [INFO] com.github.elkanuco.stream.encryption.PgpServiceTest: Written 199MB streamed
2020.05.21 17:08:55.653 [INFO] com.github.elkanuco.stream.encryption.PgpServiceTest: Written 200MB streamed
2020.05.21 17:08:55.675 [INFO] com.github.elkanuco.stream.encryption.PgpServiceTest: Written 201MB streamed
2020.05.21 17:08:55.696 [INFO] com.github.elkanuco.stream.encryption.PgpServiceTest: Written 202MB streamed
2020.05.21 17:08:55.716 [INFO] com.github.elkanuco.stream.encryption.PgpServiceTest: Written 203MB streamed
2020.05.21 17:08:55.779 [INFO] com.github.elkanuco.stream.encryption.PgpServiceTest: Written 204MB streamed
2020.05.21 17:08:55.800 [INFO] com.github.elkanuco.stream.encryption.PgpServiceTest: Written 205MB streamed
2020.05.21 17:08:55.818 [INFO] com.github.elkanuco.stream.encryption.PgpServiceTest: Written 206MB streamed
2020.05.21 17:08:55.837 [INFO] com.github.elkanuco.stream.encryption.PgpServiceTest: Written 207MB streamed
2020.05.21 17:08:55.896 [INFO] com.github.elkanuco.stream.encryption.PgpServiceTest: Written 208MB streamed
2020.05.21 17:08:55.915 [INFO] com.github.elkanuco.stream.encryption.PgpServiceTest: Written 209MB streamed
2020.05.21 17:08:55.934 [INFO] com.github.elkanuco.stream.encryption.PgpServiceTest: Written 210MB streamed
2020.05.21 17:08:55.977 [INFO] com.github.elkanuco.stream.encryption.PgpServiceTest: Written 211MB streamed
2020.05.21 17:08:55.993 [INFO] com.github.elkanuco.stream.encryption.PgpServiceTest: Written 212MB streamed
2020.05.21 17:08:56.011 [INFO] com.github.elkanuco.stream.encryption.PgpServiceTest: Written 213MB streamed
2020.05.21 17:08:56.028 [INFO] com.github.elkanuco.stream.encryption.PgpServiceTest: Written 214MB streamed
2020.05.21 17:08:56.084 [INFO] com.github.elkanuco.stream.encryption.PgpServiceTest: Written 215MB streamed
2020.05.21 17:08:56.102 [INFO] com.github.elkanuco.stream.encryption.PgpServiceTest: Written 216MB streamed
2020.05.21 17:08:56.119 [INFO] com.github.elkanuco.stream.encryption.PgpServiceTest: Written 217MB streamed
2020.05.21 17:08:56.137 [INFO] com.github.elkanuco.stream.encryption.PgpServiceTest: Written 218MB streamed
2020.05.21 17:08:56.175 [INFO] com.github.elkanuco.stream.encryption.PgpServiceTest: Written 219MB streamed
2020.05.21 17:08:56.194 [INFO] com.github.elkanuco.stream.encryption.PgpServiceTest: Written 220MB streamed
2020.05.21 17:08:56.212 [INFO] com.github.elkanuco.stream.encryption.PgpServiceTest: Written 221MB streamed
2020.05.21 17:08:56.230 [INFO] com.github.elkanuco.stream.encryption.PgpServiceTest: Written 222MB streamed
2020.05.21 17:08:56.284 [INFO] com.github.elkanuco.stream.encryption.PgpServiceTest: Written 223MB streamed
2020.05.21 17:08:56.302 [INFO] com.github.elkanuco.stream.encryption.PgpServiceTest: Written 224MB streamed
2020.05.21 17:08:56.319 [INFO] com.github.elkanuco.stream.encryption.PgpServiceTest: Written 225MB streamed
2020.05.21 17:08:56.356 [INFO] com.github.elkanuco.stream.encryption.PgpServiceTest: Written 226MB streamed
2020.05.21 17:08:56.376 [INFO] com.github.elkanuco.stream.encryption.PgpServiceTest: Written 227MB streamed
2020.05.21 17:08:56.394 [INFO] com.github.elkanuco.stream.encryption.PgpServiceTest: Written 228MB streamed
2020.05.21 17:08:56.413 [INFO] com.github.elkanuco.stream.encryption.PgpServiceTest: Written 229MB streamed
2020.05.21 17:08:56.474 [INFO] com.github.elkanuco.stream.encryption.PgpServiceTest: Written 230MB streamed
2020.05.21 17:08:56.492 [INFO] com.github.elkanuco.stream.encryption.PgpServiceTest: Written 231MB streamed
2020.05.21 17:08:56.510 [INFO] com.github.elkanuco.stream.encryption.PgpServiceTest: Written 232MB streamed
2020.05.21 17:08:56.527 [INFO] com.github.elkanuco.stream.encryption.PgpServiceTest: Written 233MB streamed
2020.05.21 17:08:56.581 [INFO] com.github.elkanuco.stream.encryption.PgpServiceTest: Written 234MB streamed
2020.05.21 17:08:56.598 [INFO] com.github.elkanuco.stream.encryption.PgpServiceTest: Written 235MB streamed
2020.05.21 17:08:56.614 [INFO] com.github.elkanuco.stream.encryption.PgpServiceTest: Written 236MB streamed
2020.05.21 17:08:56.631 [INFO] com.github.elkanuco.stream.encryption.PgpServiceTest: Written 237MB streamed
2020.05.21 17:08:56.665 [INFO] com.github.elkanuco.stream.encryption.PgpServiceTest: Written 238MB streamed
2020.05.21 17:08:56.681 [INFO] com.github.elkanuco.stream.encryption.PgpServiceTest: Written 239MB streamed
2020.05.21 17:08:56.698 [INFO] com.github.elkanuco.stream.encryption.PgpServiceTest: Written 240MB streamed
2020.05.21 17:08:56.752 [INFO] com.github.elkanuco.stream.encryption.PgpServiceTest: Written 241MB streamed
2020.05.21 17:08:56.769 [INFO] com.github.elkanuco.stream.encryption.PgpServiceTest: Written 242MB streamed
2020.05.21 17:08:56.786 [INFO] com.github.elkanuco.stream.encryption.PgpServiceTest: Written 243MB streamed
2020.05.21 17:08:56.807 [INFO] com.github.elkanuco.stream.encryption.PgpServiceTest: Written 244MB streamed
2020.05.21 17:08:56.842 [INFO] com.github.elkanuco.stream.encryption.PgpServiceTest: Written 245MB streamed
2020.05.21 17:08:56.858 [INFO] com.github.elkanuco.stream.encryption.PgpServiceTest: Written 246MB streamed
2020.05.21 17:08:56.874 [INFO] com.github.elkanuco.stream.encryption.PgpServiceTest: Written 247MB streamed
2020.05.21 17:08:56.891 [INFO] com.github.elkanuco.stream.encryption.PgpServiceTest: Written 248MB streamed
2020.05.21 17:08:56.945 [INFO] com.github.elkanuco.stream.encryption.PgpServiceTest: Written 249MB streamed
2020.05.21 17:08:56.964 [INFO] com.github.elkanuco.stream.encryption.PgpServiceTest: Produced 250 MB streamed
2020.05.21 17:08:56.964 [DEBUG] com.github.elkanuco.stream.encryption.PgpCompressionService: Compressed 262144036 bytes
2020.05.21 17:08:56.983 [DEBUG] com.github.elkanuco.stream.encryption.PgpCompressionService: Finished compression
2020.05.21 17:08:56.983 [DEBUG] com.github.elkanuco.stream.encryption.PgpEncryptionService: Encrypted 861343 bytes
2020.05.21 17:08:56.988 [DEBUG] com.github.elkanuco.stream.encryption.PgpEncryptionService: Finished encryption
2020.05.21 17:08:56.990 [INFO] com.github.elkanuco.stream.encryption.PgpServiceTest: Encrypted stream size is 0 MB
2020.05.21 17:08:57.025 [DEBUG] com.github.elkanuco.stream.encryption.PgpService: Adding provider to java's security manager.
2020.05.21 17:08:57.027 [DEBUG] com.github.elkanuco.stream.encryption.PgpService: Reading publick key.
2020.05.21 17:08:57.028 [DEBUG] com.github.elkanuco.stream.encryption.PgpUtils: Starting PGP encryption.
2020.05.21 17:08:57.028 [DEBUG] com.github.elkanuco.stream.encryption.PgpCompressionService: Compressing the stream
2020.05.21 17:08:57.028 [DEBUG] com.github.elkanuco.stream.encryption.PgpEncryptionService: Encrypting the stream
2020.05.21 17:08:57.029 [DEBUG] com.github.elkanuco.stream.encryption.PgpCompressionService: Compressed 25 bytes
2020.05.21 17:08:57.029 [DEBUG] com.github.elkanuco.stream.encryption.PgpEncryptionService: Finished encryption
2020.05.21 17:08:57.029 [DEBUG] com.github.elkanuco.stream.encryption.PgpCompressionService: Finished compression
