2020.05.21 17:14:41.942 [DEBUG] com.github.elkanuco.stream.encryption.PgpService: Adding provider to java's security manager.
2020.05.21 17:14:41.942 [INFO] com.github.elkanuco.stream.encryption.PgpServiceTest: Written 0MB streamed
2020.05.21 17:14:41.949 [DEBUG] com.github.elkanuco.stream.encryption.PgpService: Reading publick key.
2020.05.21 17:14:41.956 [DEBUG] com.github.elkanuco.stream.encryption.PgpUtils: Starting PGP encryption.
2020.05.21 17:14:41.957 [DEBUG] com.github.elkanuco.stream.encryption.PgpCompressionService: Compressing the stream
2020.05.21 17:14:41.959 [DEBUG] com.github.elkanuco.stream.encryption.PgpEncryptionService: Encrypting the stream
2020.05.21 17:14:42.007 [INFO] com.github.elkanuco.stream.encryption.PgpServiceTest: Written 1MB streamed
2020.05.21 17:14:42.030 [INFO] com.github.elkanuco.stream.encryption.PgpServiceTest: Written 2MB streamed
2020.05.21 17:14:42.049 [INFO] com.github.elkanuco.stream.encryption.PgpServiceTest: Written 3MB streamed
2020.05.21 17:14:42.176 [INFO] com.github.elkanuco.stream.encryption.PgpServiceTest: Written 4MB streamed
2020.05.21 17:14:42.202 [INFO] com.github.elkanuco.stream.encryption.PgpServiceTest: Written 5MB streamed
2020.05.21 17:14:42.225 [INFO] com.github.elkanuco.stream.encryption.PgpServiceTest: Written 6MB streamed
2020.05.21 17:14:42.244 [INFO] com.github.elkanuco.stream.encryption.PgpServiceTest: Written 7MB streamed
2020.05.21 17:14:42.317 [INFO] com.github.elkanuco.stream.encryption.PgpServiceTest: Written 8MB streamed
2020.05.21 17:14:42.346 [INFO] com.github.elkanuco.stream.encryption.PgpServiceTest: Written 9MB streamed
2020.05.21 17:14:42.368 [INFO] com.github.elkanuco.stream.encryption.PgpServiceTest: Written 10MB streamed
2020.05.21 17:14:42.387 [INFO] com.github.elkanuco.stream.encryption.PgpServiceTest: Written 11MB streamed
2020.05.21 17:14:42.446 [INFO] com.github.elkanuco.stream.encryption.PgpServiceTest: Written 12MB streamed
2020.05.21 17:14:42.466 [INFO] com.github.elkanuco.stream.encryption.PgpServiceTest: Written 13MB streamed
2020.05.21 17:14:42.485 [INFO] com.github.elkanuco.stream.encryption.PgpServiceTest: Written 14MB streamed
2020.05.21 17:14:42.503 [INFO] com.github.elkanuco.stream.encryption.PgpServiceTest: Written 15MB streamed
2020.05.21 17:14:42.559 [INFO] com.github.elkanuco.stream.encryption.PgpServiceTest: Written 16MB streamed
2020.05.21 17:14:42.576 [INFO] com.github.elkanuco.stream.encryption.PgpServiceTest: Written 17MB streamed
2020.05.21 17:14:42.593 [INFO] com.github.elkanuco.stream.encryption.PgpServiceTest: Written 18MB streamed
2020.05.21 17:14:42.632 [INFO] com.github.elkanuco.stream.encryption.PgpServiceTest: Written 19MB streamed
2020.05.21 17:14:42.653 [INFO] com.github.elkanuco.stream.encryption.PgpServiceTest: Written 20MB streamed
2020.05.21 17:14:42.672 [INFO] com.github.elkanuco.stream.encryption.PgpServiceTest: Written 21MB streamed
2020.05.21 17:14:42.691 [INFO] com.github.elkanuco.stream.encryption.PgpServiceTest: Written 22MB streamed
2020.05.21 17:14:42.747 [INFO] com.github.elkanuco.stream.encryption.PgpServiceTest: Written 23MB streamed
2020.05.21 17:14:42.765 [INFO] com.github.elkanuco.stream.encryption.PgpServiceTest: Written 24MB streamed
2020.05.21 17:14:42.783 [INFO] com.github.elkanuco.stream.encryption.PgpServiceTest: Written 25MB streamed
2020.05.21 17:14:42.803 [INFO] com.github.elkanuco.stream.encryption.PgpServiceTest: Written 26MB streamed
2020.05.21 17:14:42.868 [INFO] com.github.elkanuco.stream.encryption.PgpServiceTest: Written 27MB streamed
2020.05.21 17:14:42.886 [INFO] com.github.elkanuco.stream.encryption.PgpServiceTest: Written 28MB streamed
2020.05.21 17:14:42.904 [INFO] com.github.elkanuco.stream.encryption.PgpServiceTest: Written 29MB streamed
2020.05.21 17:14:42.924 [INFO] com.github.elkanuco.stream.encryption.PgpServiceTest: Written 30MB streamed
2020.05.21 17:14:42.961 [INFO] com.github.elkanuco.stream.encryption.PgpServiceTest: Written 31MB streamed
2020.05.21 17:14:42.978 [INFO] com.github.elkanuco.stream.encryption.PgpServiceTest: Written 32MB streamed
2020.05.21 17:14:42.994 [INFO] com.github.elkanuco.stream.encryption.PgpServiceTest: Written 33MB streamed
2020.05.21 17:14:43.051 [INFO] com.github.elkanuco.stream.encryption.PgpServiceTest: Written 34MB streamed
2020.05.21 17:14:43.070 [INFO] com.github.elkanuco.stream.encryption.PgpServiceTest: Written 35MB streamed
2020.05.21 17:14:43.088 [INFO] com.github.elkanuco.stream.encryption.PgpServiceTest: Written 36MB streamed
2020.05.21 17:14:43.108 [INFO] com.github.elkanuco.stream.encryption.PgpServiceTest: Written 37MB streamed
2020.05.21 17:14:43.144 [INFO] com.github.elkanuco.stream.encryption.PgpServiceTest: Written 38MB streamed
2020.05.21 17:14:43.160 [INFO] com.github.elkanuco.stream.encryption.PgpServiceTest: Written 39MB streamed
2020.05.21 17:14:43.177 [INFO] com.github.elkanuco.stream.encryption.PgpServiceTest: Written 40MB streamed
2020.05.21 17:14:43.194 [INFO] com.github.elkanuco.stream.encryption.PgpServiceTest: Written 41MB streamed
2020.05.21 17:14:43.253 [INFO] com.github.elkanuco.stream.encryption.PgpServiceTest: Written 42MB streamed
2020.05.21 17:14:43.272 [INFO] com.github.elkanuco.stream.encryption.PgpServiceTest: Written 43MB streamed
2020.05.21 17:14:43.288 [INFO] com.github.elkanuco.stream.encryption.PgpServiceTest: Written 44MB streamed
2020.05.21 17:14:43.305 [INFO] com.github.elkanuco.stream.encryption.PgpServiceTest: Written 45MB streamed
2020.05.21 17:14:43.365 [INFO] com.github.elkanuco.stream.encryption.PgpServiceTest: Written 46MB streamed
2020.05.21 17:14:43.381 [INFO] com.github.elkanuco.stream.encryption.PgpServiceTest: Written 47MB streamed
2020.05.21 17:14:43.398 [INFO] com.github.elkanuco.stream.encryption.PgpServiceTest: Written 48MB streamed
2020.05.21 17:14:43.434 [INFO] com.github.elkanuco.stream.encryption.PgpServiceTest: Written 49MB streamed
2020.05.21 17:14:43.450 [INFO] com.github.elkanuco.stream.encryption.PgpServiceTest: Written 50MB streamed
2020.05.21 17:14:43.468 [INFO] com.github.elkanuco.stream.encryption.PgpServiceTest: Written 51MB streamed
2020.05.21 17:14:43.486 [INFO] com.github.elkanuco.stream.encryption.PgpServiceTest: Written 52MB streamed
2020.05.21 17:14:43.545 [INFO] com.github.elkanuco.stream.encryption.PgpServiceTest: Written 53MB streamed
2020.05.21 17:14:43.563 [INFO] com.github.elkanuco.stream.encryption.PgpServiceTest: Written 54MB streamed
2020.05.21 17:14:43.581 [INFO] com.github.elkanuco.stream.encryption.PgpServiceTest: Written 55MB streamed
2020.05.21 17:14:43.599 [INFO] com.github.elkanuco.stream.encryption.PgpServiceTest: Written 56MB streamed
2020.05.21 17:14:43.636 [INFO] com.github.elkanuco.stream.encryption.PgpServiceTest: Written 57MB streamed
2020.05.21 17:14:43.653 [INFO] com.github.elkanuco.stream.encryption.PgpServiceTest: Written 58MB streamed
2020.05.21 17:14:43.670 [INFO] com.github.elkanuco.stream.encryption.PgpServiceTest: Written 59MB streamed
2020.05.21 17:14:43.686 [INFO] com.github.elkanuco.stream.encryption.PgpServiceTest: Written 60MB streamed
2020.05.21 17:14:43.746 [INFO] com.github.elkanuco.stream.encryption.PgpServiceTest: Written 61MB streamed
2020.05.21 17:14:43.766 [INFO] com.github.elkanuco.stream.encryption.PgpServiceTest: Written 62MB streamed
2020.05.21 17:14:43.784 [INFO] com.github.elkanuco.stream.encryption.PgpServiceTest: Written 63MB streamed
2020.05.21 17:14:43.818 [INFO] com.github.elkanuco.stream.encryption.PgpServiceTest: Written 64MB streamed
2020.05.21 17:14:43.835 [INFO] com.github.elkanuco.stream.encryption.PgpServiceTest: Written 65MB streamed
2020.05.21 17:14:43.853 [INFO] com.github.elkanuco.stream.encryption.PgpServiceTest: Written 66MB streamed
2020.05.21 17:14:43.870 [INFO] com.github.elkanuco.stream.encryption.PgpServiceTest: Written 67MB streamed
2020.05.21 17:14:43.925 [INFO] com.github.elkanuco.stream.encryption.PgpServiceTest: Written 68MB streamed
2020.05.21 17:14:43.941 [INFO] com.github.elkanuco.stream.encryption.PgpServiceTest: Written 69MB streamed
2020.05.21 17:14:43.958 [INFO] com.github.elkanuco.stream.encryption.PgpServiceTest: Written 70MB streamed
2020.05.21 17:14:43.976 [INFO] com.github.elkanuco.stream.encryption.PgpServiceTest: Written 71MB streamed
2020.05.21 17:14:44.034 [INFO] com.github.elkanuco.stream.encryption.PgpServiceTest: Written 72MB streamed
2020.05.21 17:14:44.051 [INFO] com.github.elkanuco.stream.encryption.PgpServiceTest: Written 73MB streamed
2020.05.21 17:14:44.071 [INFO] com.github.elkanuco.stream.encryption.PgpServiceTest: Written 74MB streamed
2020.05.21 17:14:44.091 [INFO] com.github.elkanuco.stream.encryption.PgpServiceTest: Written 75MB streamed
2020.05.21 17:14:44.141 [INFO] com.github.elkanuco.stream.encryption.PgpServiceTest: Written 76MB streamed
2020.05.21 17:14:44.160 [INFO] com.github.elkanuco.stream.encryption.PgpServiceTest: Written 77MB streamed
2020.05.21 17:14:44.180 [INFO] com.github.elkanuco.stream.encryption.PgpServiceTest: Written 78MB streamed
2020.05.21 17:14:44.198 [INFO] com.github.elkanuco.stream.encryption.PgpServiceTest: Written 79MB streamed
2020.05.21 17:14:44.260 [INFO] com.github.elkanuco.stream.encryption.PgpServiceTest: Written 80MB streamed
2020.05.21 17:14:44.277 [INFO] com.github.elkanuco.stream.encryption.PgpServiceTest: Written 81MB streamed
2020.05.21 17:14:44.295 [INFO] com.github.elkanuco.stream.encryption.PgpServiceTest: Written 82MB streamed
2020.05.21 17:14:44.332 [INFO] com.github.elkanuco.stream.encryption.PgpServiceTest: Written 83MB streamed
2020.05.21 17:14:44.349 [INFO] com.github.elkanuco.stream.encryption.PgpServiceTest: Written 84MB streamed
2020.05.21 17:14:44.368 [INFO] com.github.elkanuco.stream.encryption.PgpServiceTest: Written 85MB streamed
2020.05.21 17:14:44.404 [INFO] com.github.elkanuco.stream.encryption.PgpServiceTest: Written 86MB streamed
2020.05.21 17:14:44.480 [INFO] com.github.elkanuco.stream.encryption.PgpServiceTest: Written 87MB streamed
2020.05.21 17:14:44.498 [INFO] com.github.elkanuco.stream.encryption.PgpServiceTest: Written 88MB streamed
2020.05.21 17:14:44.517 [INFO] com.github.elkanuco.stream.encryption.PgpServiceTest: Written 89MB streamed
2020.05.21 17:14:44.533 [INFO] com.github.elkanuco.stream.encryption.PgpServiceTest: Written 90MB streamed
2020.05.21 17:14:44.569 [INFO] com.github.elkanuco.stream.encryption.PgpServiceTest: Written 91MB streamed
2020.05.21 17:14:44.587 [INFO] com.github.elkanuco.stream.encryption.PgpServiceTest: Written 92MB streamed
2020.05.21 17:14:44.606 [INFO] com.github.elkanuco.stream.encryption.PgpServiceTest: Written 93MB streamed
2020.05.21 17:14:44.626 [INFO] com.github.elkanuco.stream.encryption.PgpServiceTest: Written 94MB streamed
2020.05.21 17:14:44.690 [INFO] com.github.elkanuco.stream.encryption.PgpServiceTest: Written 95MB streamed
2020.05.21 17:14:44.708 [INFO] com.github.elkanuco.stream.encryption.PgpServiceTest: Written 96MB streamed
2020.05.21 17:14:44.726 [INFO] com.github.elkanuco.stream.encryption.PgpServiceTest: Written 97MB streamed
2020.05.21 17:14:44.790 [INFO] com.github.elkanuco.stream.encryption.PgpServiceTest: Written 98MB streamed
2020.05.21 17:14:44.809 [INFO] com.github.elkanuco.stream.encryption.PgpServiceTest: Written 99MB streamed
2020.05.21 17:14:44.828 [INFO] com.github.elkanuco.stream.encryption.PgpServiceTest: Written 100MB streamed
2020.05.21 17:14:44.846 [INFO] com.github.elkanuco.stream.encryption.PgpServiceTest: Written 101MB streamed
2020.05.21 17:14:44.884 [INFO] com.github.elkanuco.stream.encryption.PgpServiceTest: Written 102MB streamed
2020.05.21 17:14:44.902 [INFO] com.github.elkanuco.stream.encryption.PgpServiceTest: Written 103MB streamed
2020.05.21 17:14:44.921 [INFO] com.github.elkanuco.stream.encryption.PgpServiceTest: Written 104MB streamed
2020.05.21 17:14:44.938 [INFO] com.github.elkanuco.stream.encryption.PgpServiceTest: Written 105MB streamed
2020.05.21 17:14:44.992 [INFO] com.github.elkanuco.stream.encryption.PgpServiceTest: Written 106MB streamed
2020.05.21 17:14:45.010 [INFO] com.github.elkanuco.stream.encryption.PgpServiceTest: Written 107MB streamed
2020.05.21 17:14:45.026 [INFO] com.github.elkanuco.stream.encryption.PgpServiceTest: Written 108MB streamed
2020.05.21 17:14:45.045 [INFO] com.github.elkanuco.stream.encryption.PgpServiceTest: Written 109MB streamed
2020.05.21 17:14:45.083 [INFO] com.github.elkanuco.stream.encryption.PgpServiceTest: Written 110MB streamed
2020.05.21 17:14:45.102 [INFO] com.github.elkanuco.stream.encryption.PgpServiceTest: Written 111MB streamed
2020.05.21 17:14:45.121 [INFO] com.github.elkanuco.stream.encryption.PgpServiceTest: Written 112MB streamed
2020.05.21 17:14:45.176 [INFO] com.github.elkanuco.stream.encryption.PgpServiceTest: Written 113MB streamed
2020.05.21 17:14:45.194 [INFO] com.github.elkanuco.stream.encryption.PgpServiceTest: Written 114MB streamed
2020.05.21 17:14:45.212 [INFO] com.github.elkanuco.stream.encryption.PgpServiceTest: Written 115MB streamed
2020.05.21 17:14:45.230 [INFO] com.github.elkanuco.stream.encryption.PgpServiceTest: Written 116MB streamed
2020.05.21 17:14:45.289 [INFO] com.github.elkanuco.stream.encryption.PgpServiceTest: Written 117MB streamed
2020.05.21 17:14:45.308 [INFO] com.github.elkanuco.stream.encryption.PgpServiceTest: Written 118MB streamed
2020.05.21 17:14:45.326 [INFO] com.github.elkanuco.stream.encryption.PgpServiceTest: Written 119MB streamed
2020.05.21 17:14:45.343 [INFO] com.github.elkanuco.stream.encryption.PgpServiceTest: Written 120MB streamed
2020.05.21 17:14:45.378 [INFO] com.github.elkanuco.stream.encryption.PgpServiceTest: Written 121MB streamed
2020.05.21 17:14:45.395 [INFO] com.github.elkanuco.stream.encryption.PgpServiceTest: Written 122MB streamed
2020.05.21 17:14:45.412 [INFO] com.github.elkanuco.stream.encryption.PgpServiceTest: Written 123MB streamed
2020.05.21 17:14:45.431 [INFO] com.github.elkanuco.stream.encryption.PgpServiceTest: Written 124MB streamed
2020.05.21 17:14:45.493 [INFO] com.github.elkanuco.stream.encryption.PgpServiceTest: Written 125MB streamed
2020.05.21 17:14:45.512 [INFO] com.github.elkanuco.stream.encryption.PgpServiceTest: Written 126MB streamed
2020.05.21 17:14:45.529 [INFO] com.github.elkanuco.stream.encryption.PgpServiceTest: Written 127MB streamed
2020.05.21 17:14:45.565 [INFO] com.github.elkanuco.stream.encryption.PgpServiceTest: Written 128MB streamed
2020.05.21 17:14:45.583 [INFO] com.github.elkanuco.stream.encryption.PgpServiceTest: Written 129MB streamed
2020.05.21 17:14:45.600 [INFO] com.github.elkanuco.stream.encryption.PgpServiceTest: Written 130MB streamed
2020.05.21 17:14:45.620 [INFO] com.github.elkanuco.stream.encryption.PgpServiceTest: Written 131MB streamed
2020.05.21 17:14:45.679 [INFO] com.github.elkanuco.stream.encryption.PgpServiceTest: Written 132MB streamed
2020.05.21 17:14:45.698 [INFO] com.github.elkanuco.stream.encryption.PgpServiceTest: Written 133MB streamed
2020.05.21 17:14:45.717 [INFO] com.github.elkanuco.stream.encryption.PgpServiceTest: Written 134MB streamed
2020.05.21 17:14:45.734 [INFO] com.github.elkanuco.stream.encryption.PgpServiceTest: Written 135MB streamed
2020.05.21 17:14:45.770 [INFO] com.github.elkanuco.stream.encryption.PgpServiceTest: Written 136MB streamed
2020.05.21 17:14:45.786 [INFO] com.github.elkanuco.stream.encryption.PgpServiceTest: Written 137MB streamed
2020.05.21 17:14:45.803 [INFO] com.github.elkanuco.stream.encryption.PgpServiceTest: Written 138MB streamed
2020.05.21 17:14:45.819 [INFO] com.github.elkanuco.stream.encryption.PgpServiceTest: Written 139MB streamed
2020.05.21 17:14:45.875 [INFO] com.github.elkanuco.stream.encryption.PgpServiceTest: Written 140MB streamed
2020.05.21 17:14:45.892 [INFO] com.github.elkanuco.stream.encryption.PgpServiceTest: Written 141MB streamed
2020.05.21 17:14:45.910 [INFO] com.github.elkanuco.stream.encryption.PgpServiceTest: Written 142MB streamed
2020.05.21 17:14:45.927 [INFO] com.github.elkanuco.stream.encryption.PgpServiceTest: Written 143MB streamed
2020.05.21 17:14:45.981 [INFO] com.github.elkanuco.stream.encryption.PgpServiceTest: Written 144MB streamed
2020.05.21 17:14:45.998 [INFO] com.github.elkanuco.stream.encryption.PgpServiceTest: Written 145MB streamed
2020.05.21 17:14:46.015 [INFO] com.github.elkanuco.stream.encryption.PgpServiceTest: Written 146MB streamed
2020.05.21 17:14:46.049 [INFO] com.github.elkanuco.stream.encryption.PgpServiceTest: Written 147MB streamed
2020.05.21 17:14:46.066 [INFO] com.github.elkanuco.stream.encryption.PgpServiceTest: Written 148MB streamed
2020.05.21 17:14:46.083 [INFO] com.github.elkanuco.stream.encryption.PgpServiceTest: Written 149MB streamed
2020.05.21 17:14:46.104 [INFO] com.github.elkanuco.stream.encryption.PgpServiceTest: Written 150MB streamed
2020.05.21 17:14:46.166 [INFO] com.github.elkanuco.stream.encryption.PgpServiceTest: Written 151MB streamed
2020.05.21 17:14:46.184 [INFO] com.github.elkanuco.stream.encryption.PgpServiceTest: Written 152MB streamed
2020.05.21 17:14:46.201 [INFO] com.github.elkanuco.stream.encryption.PgpServiceTest: Written 153MB streamed
2020.05.21 17:14:46.219 [INFO] com.github.elkanuco.stream.encryption.PgpServiceTest: Written 154MB streamed
2020.05.21 17:14:46.257 [INFO] com.github.elkanuco.stream.encryption.PgpServiceTest: Written 155MB streamed
2020.05.21 17:14:46.274 [INFO] com.github.elkanuco.stream.encryption.PgpServiceTest: Written 156MB streamed
2020.05.21 17:14:46.291 [INFO] com.github.elkanuco.stream.encryption.PgpServiceTest: Written 157MB streamed
2020.05.21 17:14:46.308 [INFO] com.github.elkanuco.stream.encryption.PgpServiceTest: Written 158MB streamed
2020.05.21 17:14:46.366 [INFO] com.github.elkanuco.stream.encryption.PgpServiceTest: Written 159MB streamed
2020.05.21 17:14:46.385 [INFO] com.github.elkanuco.stream.encryption.PgpServiceTest: Written 160MB streamed
2020.05.21 17:14:46.402 [INFO] com.github.elkanuco.stream.encryption.PgpServiceTest: Written 161MB streamed
2020.05.21 17:14:46.462 [INFO] com.github.elkanuco.stream.encryption.PgpServiceTest: Written 162MB streamed
2020.05.21 17:14:46.486 [INFO] com.github.elkanuco.stream.encryption.PgpServiceTest: Written 163MB streamed
2020.05.21 17:14:46.506 [INFO] com.github.elkanuco.stream.encryption.PgpServiceTest: Written 164MB streamed
2020.05.21 17:14:46.527 [INFO] com.github.elkanuco.stream.encryption.PgpServiceTest: Written 165MB streamed
2020.05.21 17:14:46.567 [INFO] com.github.elkanuco.stream.encryption.PgpServiceTest: Written 166MB streamed
2020.05.21 17:14:46.585 [INFO] com.github.elkanuco.stream.encryption.PgpServiceTest: Written 167MB streamed
2020.05.21 17:14:46.603 [INFO] com.github.elkanuco.stream.encryption.PgpServiceTest: Written 168MB streamed
2020.05.21 17:14:46.620 [INFO] com.github.elkanuco.stream.encryption.PgpServiceTest: Written 169MB streamed
2020.05.21 17:14:46.675 [INFO] com.github.elkanuco.stream.encryption.PgpServiceTest: Written 170MB streamed
2020.05.21 17:14:46.691 [INFO] com.github.elkanuco.stream.encryption.PgpServiceTest: Written 171MB streamed
2020.05.21 17:14:46.708 [INFO] com.github.elkanuco.stream.encryption.PgpServiceTest: Written 172MB streamed
2020.05.21 17:14:46.725 [INFO] com.github.elkanuco.stream.encryption.PgpServiceTest: Written 173MB streamed
2020.05.21 17:14:46.762 [INFO] com.github.elkanuco.stream.encryption.PgpServiceTest: Written 174MB streamed
2020.05.21 17:14:46.780 [INFO] com.github.elkanuco.stream.encryption.PgpServiceTest: Written 175MB streamed
2020.05.21 17:14:46.798 [INFO] com.github.elkanuco.stream.encryption.PgpServiceTest: Written 176MB streamed
2020.05.21 17:14:46.851 [INFO] com.github.elkanuco.stream.encryption.PgpServiceTest: Written 177MB streamed
2020.05.21 17:14:46.868 [INFO] com.github.elkanuco.stream.encryption.PgpServiceTest: Written 178MB streamed
2020.05.21 17:14:46.885 [INFO] com.github.elkanuco.stream.encryption.PgpServiceTest: Written 179MB streamed
2020.05.21 17:14:46.903 [INFO] com.github.elkanuco.stream.encryption.PgpServiceTest: Written 180MB streamed
2020.05.21 17:14:46.939 [INFO] com.github.elkanuco.stream.encryption.PgpServiceTest: Written 181MB streamed
2020.05.21 17:14:46.956 [INFO] com.github.elkanuco.stream.encryption.PgpServiceTest: Written 182MB streamed
2020.05.21 17:14:46.975 [INFO] com.github.elkanuco.stream.encryption.PgpServiceTest: Written 183MB streamed
2020.05.21 17:14:46.993 [INFO] com.github.elkanuco.stream.encryption.PgpServiceTest: Written 184MB streamed
2020.05.21 17:14:47.052 [INFO] com.github.elkanuco.stream.encryption.PgpServiceTest: Written 185MB streamed
2020.05.21 17:14:47.070 [INFO] com.github.elkanuco.stream.encryption.PgpServiceTest: Written 186MB streamed
2020.05.21 17:14:47.086 [INFO] com.github.elkanuco.stream.encryption.PgpServiceTest: Written 187MB streamed
2020.05.21 17:14:47.103 [INFO] com.github.elkanuco.stream.encryption.PgpServiceTest: Written 188MB streamed
2020.05.21 17:14:47.159 [INFO] com.github.elkanuco.stream.encryption.PgpServiceTest: Written 189MB streamed
2020.05.21 17:14:47.177 [INFO] com.github.elkanuco.stream.encryption.PgpServiceTest: Written 190MB streamed
2020.05.21 17:14:47.195 [INFO] com.github.elkanuco.stream.encryption.PgpServiceTest: Written 191MB streamed
2020.05.21 17:14:47.232 [INFO] com.github.elkanuco.stream.encryption.PgpServiceTest: Written 192MB streamed
2020.05.21 17:14:47.252 [INFO] com.github.elkanuco.stream.encryption.PgpServiceTest: Written 193MB streamed
2020.05.21 17:14:47.269 [INFO] com.github.elkanuco.stream.encryption.PgpServiceTest: Written 194MB streamed
2020.05.21 17:14:47.286 [INFO] com.github.elkanuco.stream.encryption.PgpServiceTest: Written 195MB streamed
2020.05.21 17:14:47.339 [INFO] com.github.elkanuco.stream.encryption.PgpServiceTest: Written 196MB streamed
2020.05.21 17:14:47.355 [INFO] com.github.elkanuco.stream.encryption.PgpServiceTest: Written 197MB streamed
2020.05.21 17:14:47.372 [INFO] com.github.elkanuco.stream.encryption.PgpServiceTest: Written 198MB streamed
2020.05.21 17:14:47.390 [INFO] com.github.elkanuco.stream.encryption.PgpServiceTest: Written 199MB streamed
2020.05.21 17:14:47.430 [INFO] com.github.elkanuco.stream.encryption.PgpServiceTest: Written 200MB streamed
2020.05.21 17:14:47.450 [INFO] com.github.elkanuco.stream.encryption.PgpServiceTest: Written 201MB streamed
2020.05.21 17:14:47.468 [INFO] com.github.elkanuco.stream.encryption.PgpServiceTest: Written 202MB streamed
2020.05.21 17:14:47.486 [INFO] com.github.elkanuco.stream.encryption.PgpServiceTest: Written 203MB streamed
2020.05.21 17:14:47.540 [INFO] com.github.elkanuco.stream.encryption.PgpServiceTest: Written 204MB streamed
2020.05.21 17:14:47.557 [INFO] com.github.elkanuco.stream.encryption.PgpServiceTest: Written 205MB streamed
2020.05.21 17:14:47.575 [INFO] com.github.elkanuco.stream.encryption.PgpServiceTest: Written 206MB streamed
2020.05.21 17:14:47.592 [INFO] com.github.elkanuco.stream.encryption.PgpServiceTest: Written 207MB streamed
2020.05.21 17:14:47.650 [INFO] com.github.elkanuco.stream.encryption.PgpServiceTest: Written 208MB streamed
2020.05.21 17:14:47.669 [INFO] com.github.elkanuco.stream.encryption.PgpServiceTest: Written 209MB streamed
2020.05.21 17:14:47.687 [INFO] com.github.elkanuco.stream.encryption.PgpServiceTest: Written 210MB streamed
2020.05.21 17:14:47.724 [INFO] com.github.elkanuco.stream.encryption.PgpServiceTest: Written 211MB streamed
2020.05.21 17:14:47.742 [INFO] com.github.elkanuco.stream.encryption.PgpServiceTest: Written 212MB streamed
2020.05.21 17:14:47.759 [INFO] com.github.elkanuco.stream.encryption.PgpServiceTest: Written 213MB streamed
2020.05.21 17:14:47.776 [INFO] com.github.elkanuco.stream.encryption.PgpServiceTest: Written 214MB streamed
2020.05.21 17:14:47.836 [INFO] com.github.elkanuco.stream.encryption.PgpServiceTest: Written 215MB streamed
2020.05.21 17:14:47.855 [INFO] com.github.elkanuco.stream.encryption.PgpServiceTest: Written 216MB streamed
2020.05.21 17:14:47.874 [INFO] com.github.elkanuco.stream.encryption.PgpServiceTest: Written 217MB streamed
2020.05.21 17:14:47.892 [INFO] com.github.elkanuco.stream.encryption.PgpServiceTest: Written 218MB streamed
2020.05.21 17:14:47.927 [INFO] com.github.elkanuco.stream.encryption.PgpServiceTest: Written 219MB streamed
2020.05.21 17:14:47.944 [INFO] com.github.elkanuco.stream.encryption.PgpServiceTest: Written 220MB streamed
2020.05.21 17:14:47.962 [INFO] com.github.elkanuco.stream.encryption.PgpServiceTest: Written 221MB streamed
2020.05.21 17:14:47.979 [INFO] com.github.elkanuco.stream.encryption.PgpServiceTest: Written 222MB streamed
2020.05.21 17:14:48.031 [INFO] com.github.elkanuco.stream.encryption.PgpServiceTest: Written 223MB streamed
2020.05.21 17:14:48.048 [INFO] com.github.elkanuco.stream.encryption.PgpServiceTest: Written 224MB streamed
2020.05.21 17:14:48.065 [INFO] com.github.elkanuco.stream.encryption.PgpServiceTest: Written 225MB streamed
2020.05.21 17:14:48.103 [INFO] com.github.elkanuco.stream.encryption.PgpServiceTest: Written 226MB streamed
2020.05.21 17:14:48.122 [INFO] com.github.elkanuco.stream.encryption.PgpServiceTest: Written 227MB streamed
2020.05.21 17:14:48.141 [INFO] com.github.elkanuco.stream.encryption.PgpServiceTest: Written 228MB streamed
2020.05.21 17:14:48.158 [INFO] com.github.elkanuco.stream.encryption.PgpServiceTest: Written 229MB streamed
2020.05.21 17:14:48.213 [INFO] com.github.elkanuco.stream.encryption.PgpServiceTest: Written 230MB streamed
2020.05.21 17:14:48.230 [INFO] com.github.elkanuco.stream.encryption.PgpServiceTest: Written 231MB streamed
2020.05.21 17:14:48.247 [INFO] com.github.elkanuco.stream.encryption.PgpServiceTest: Written 232MB streamed
2020.05.21 17:14:48.266 [INFO] com.github.elkanuco.stream.encryption.PgpServiceTest: Written 233MB streamed
2020.05.21 17:14:48.323 [INFO] com.github.elkanuco.stream.encryption.PgpServiceTest: Written 234MB streamed
2020.05.21 17:14:48.341 [INFO] com.github.elkanuco.stream.encryption.PgpServiceTest: Written 235MB streamed
2020.05.21 17:14:48.359 [INFO] com.github.elkanuco.stream.encryption.PgpServiceTest: Written 236MB streamed
2020.05.21 17:14:48.376 [INFO] com.github.elkanuco.stream.encryption.PgpServiceTest: Written 237MB streamed
2020.05.21 17:14:48.409 [INFO] com.github.elkanuco.stream.encryption.PgpServiceTest: Written 238MB streamed
2020.05.21 17:14:48.426 [INFO] com.github.elkanuco.stream.encryption.PgpServiceTest: Written 239MB streamed
2020.05.21 17:14:48.443 [INFO] com.github.elkanuco.stream.encryption.PgpServiceTest: Written 240MB streamed
2020.05.21 17:14:48.498 [INFO] com.github.elkanuco.stream.encryption.PgpServiceTest: Written 241MB streamed
2020.05.21 17:14:48.517 [INFO] com.github.elkanuco.stream.encryption.PgpServiceTest: Written 242MB streamed
2020.05.21 17:14:48.534 [INFO] com.github.elkanuco.stream.encryption.PgpServiceTest: Written 243MB streamed
2020.05.21 17:14:48.554 [INFO] com.github.elkanuco.stream.encryption.PgpServiceTest: Written 244MB streamed
2020.05.21 17:14:48.595 [INFO] com.github.elkanuco.stream.encryption.PgpServiceTest: Written 245MB streamed
2020.05.21 17:14:48.621 [INFO] com.github.elkanuco.stream.encryption.PgpServiceTest: Written 246MB streamed
2020.05.21 17:14:48.642 [INFO] com.github.elkanuco.stream.encryption.PgpServiceTest: Written 247MB streamed
2020.05.21 17:14:48.662 [INFO] com.github.elkanuco.stream.encryption.PgpServiceTest: Written 248MB streamed
2020.05.21 17:14:48.720 [INFO] com.github.elkanuco.stream.encryption.PgpServiceTest: Written 249MB streamed
2020.05.21 17:14:48.741 [INFO] com.github.elkanuco.stream.encryption.PgpServiceTest: Produced 250 MB streamed
2020.05.21 17:14:48.741 [DEBUG] com.github.elkanuco.stream.encryption.PgpCompressionService: Compressed 262144036 bytes
2020.05.21 17:14:48.765 [DEBUG] com.github.elkanuco.stream.encryption.PgpCompressionService: Finished compression
2020.05.21 17:14:48.764 [DEBUG] com.github.elkanuco.stream.encryption.PgpEncryptionService: Encrypted 861343 bytes
2020.05.21 17:14:48.770 [DEBUG] com.github.elkanuco.stream.encryption.PgpEncryptionService: Finished encryption
2020.05.21 17:14:48.776 [INFO] com.github.elkanuco.stream.encryption.PgpServiceTest: Encrypted stream size is 0 MB
2020.05.21 17:14:48.824 [DEBUG] com.github.elkanuco.stream.encryption.PgpService: Adding provider to java's security manager.
2020.05.21 17:14:48.826 [DEBUG] com.github.elkanuco.stream.encryption.PgpService: Reading publick key.
2020.05.21 17:14:48.826 [DEBUG] com.github.elkanuco.stream.encryption.PgpUtils: Starting PGP encryption.
2020.05.21 17:14:48.826 [DEBUG] com.github.elkanuco.stream.encryption.PgpCompressionService: Compressing the stream
2020.05.21 17:14:48.827 [DEBUG] com.github.elkanuco.stream.encryption.PgpEncryptionService: Encrypting the stream
2020.05.21 17:14:48.827 [DEBUG] com.github.elkanuco.stream.encryption.PgpCompressionService: Compressed 25 bytes
2020.05.21 17:14:48.828 [DEBUG] com.github.elkanuco.stream.encryption.PgpCompressionService: Finished compression
2020.05.21 17:14:48.829 [DEBUG] com.github.elkanuco.stream.encryption.PgpEncryptionService: Encrypted 55 bytes
2020.05.21 17:14:48.829 [DEBUG] com.github.elkanuco.stream.encryption.PgpEncryptionService: Finished encryption
2020.05.21 17:14:48.847 [DEBUG] com.github.elkanuco.stream.encryption.PgpService: Adding provider to java's security manager.
2020.05.21 17:14:48.850 [DEBUG] com.github.elkanuco.stream.encryption.PgpService: Reading publick key.
2020.05.21 17:14:48.852 [DEBUG] com.github.elkanuco.stream.encryption.PgpUtils: Starting PGP encryption.
2020.05.21 17:14:48.852 [DEBUG] com.github.elkanuco.stream.encryption.PgpCompressionService: Compressing the stream
2020.05.21 17:14:48.852 [DEBUG] com.github.elkanuco.stream.encryption.PgpEncryptionService: Encrypting the stream
2020.05.21 17:14:48.853 [DEBUG] com.github.elkanuco.stream.encryption.PgpCompressionService: Compressed 25 bytes
2020.05.21 17:14:48.854 [DEBUG] com.github.elkanuco.stream.encryption.PgpCompressionService: Finished compression
2020.05.21 17:14:48.855 [DEBUG] com.github.elkanuco.stream.encryption.PgpEncryptionService: Encrypted 55 bytes
2020.05.21 17:14:48.856 [DEBUG] com.github.elkanuco.stream.encryption.PgpEncryptionService: Finished encryption
2020.05.21 17:14:48.870 [DEBUG] com.github.elkanuco.stream.encryption.PgpService: Adding provider to java's security manager.
2020.05.21 17:14:48.873 [DEBUG] com.github.elkanuco.stream.encryption.PgpService: Reading publick key.
2020.05.21 17:14:48.873 [DEBUG] com.github.elkanuco.stream.encryption.PgpUtils: Starting PGP encryption.
2020.05.21 17:14:48.873 [DEBUG] com.github.elkanuco.stream.encryption.PgpCompressionService: Compressing the stream
2020.05.21 17:14:48.874 [DEBUG] com.github.elkanuco.stream.encryption.PgpEncryptionService: Encrypting the stream
2020.05.21 17:14:48.874 [DEBUG] com.github.elkanuco.stream.encryption.PgpCompressionService: Compressed 25 bytes
2020.05.21 17:14:48.876 [DEBUG] com.github.elkanuco.stream.encryption.PgpCompressionService: Finished compression
2020.05.21 17:14:48.876 [DEBUG] com.github.elkanuco.stream.encryption.PgpEncryptionService: Encrypted 55 bytes
2020.05.21 17:14:48.877 [DEBUG] com.github.elkanuco.stream.encryption.PgpEncryptionService: Finished encryption
2020.05.21 17:14:48.891 [DEBUG] com.github.elkanuco.stream.encryption.PgpService: Adding provider to java's security manager.
2020.05.21 17:14:48.895 [DEBUG] com.github.elkanuco.stream.encryption.PgpService: Reading publick key.
2020.05.21 17:14:48.895 [DEBUG] com.github.elkanuco.stream.encryption.PgpUtils: Starting PGP encryption.
2020.05.21 17:14:48.895 [DEBUG] com.github.elkanuco.stream.encryption.PgpCompressionService: Compressing the stream
2020.05.21 17:14:48.896 [DEBUG] com.github.elkanuco.stream.encryption.PgpEncryptionService: Encrypting the stream
2020.05.21 17:14:48.896 [DEBUG] com.github.elkanuco.stream.encryption.PgpCompressionService: Compressed 25 bytes
2020.05.21 17:14:48.897 [DEBUG] com.github.elkanuco.stream.encryption.PgpCompressionService: Finished compression
2020.05.21 17:14:48.897 [DEBUG] com.github.elkanuco.stream.encryption.PgpEncryptionService: Encrypted 55 bytes
2020.05.21 17:14:48.898 [DEBUG] com.github.elkanuco.stream.encryption.PgpEncryptionService: Finished encryption
2020.05.21 17:14:48.909 [DEBUG] com.github.elkanuco.stream.encryption.PgpService: Adding provider to java's security manager.
2020.05.21 17:14:48.912 [DEBUG] com.github.elkanuco.stream.encryption.PgpService: Reading publick key.
2020.05.21 17:14:48.912 [DEBUG] com.github.elkanuco.stream.encryption.PgpUtils: Starting PGP encryption.
2020.05.21 17:14:48.913 [DEBUG] com.github.elkanuco.stream.encryption.PgpCompressionService: Compressing the stream
2020.05.21 17:14:48.913 [DEBUG] com.github.elkanuco.stream.encryption.PgpEncryptionService: Encrypting the stream
2020.05.21 17:14:48.913 [DEBUG] com.github.elkanuco.stream.encryption.PgpCompressionService: Compressed 25 bytes
2020.05.21 17:14:48.915 [DEBUG] com.github.elkanuco.stream.encryption.PgpCompressionService: Finished compression
2020.05.21 17:14:48.918 [DEBUG] com.github.elkanuco.stream.encryption.PgpEncryptionService: Encrypted 55 bytes
2020.05.21 17:14:48.919 [DEBUG] com.github.elkanuco.stream.encryption.PgpEncryptionService: Finished encryption
2020.05.21 17:14:48.930 [DEBUG] com.github.elkanuco.stream.encryption.PgpService: Adding provider to java's security manager.
2020.05.21 17:14:48.932 [DEBUG] com.github.elkanuco.stream.encryption.PgpService: Reading publick key.
2020.05.21 17:14:48.932 [DEBUG] com.github.elkanuco.stream.encryption.PgpUtils: Starting PGP encryption.
2020.05.21 17:14:48.933 [DEBUG] com.github.elkanuco.stream.encryption.PgpCompressionService: Compressing the stream
2020.05.21 17:14:48.933 [DEBUG] com.github.elkanuco.stream.encryption.PgpEncryptionService: Encrypting the stream
2020.05.21 17:14:48.934 [DEBUG] com.github.elkanuco.stream.encryption.PgpCompressionService: Compressed 25 bytes
2020.05.21 17:14:48.936 [DEBUG] com.github.elkanuco.stream.encryption.PgpCompressionService: Finished compression
2020.05.21 17:14:48.939 [DEBUG] com.github.elkanuco.stream.encryption.PgpEncryptionService: Encrypted 55 bytes
2020.05.21 17:14:48.940 [DEBUG] com.github.elkanuco.stream.encryption.PgpEncryptionService: Finished encryption
2020.05.21 17:14:48.950 [DEBUG] com.github.elkanuco.stream.encryption.PgpService: Adding provider to java's security manager.
2020.05.21 17:14:48.954 [DEBUG] com.github.elkanuco.stream.encryption.PgpService: Reading publick key.
2020.05.21 17:14:48.955 [DEBUG] com.github.elkanuco.stream.encryption.PgpUtils: Starting PGP encryption.
2020.05.21 17:14:48.955 [DEBUG] com.github.elkanuco.stream.encryption.PgpCompressionService: Compressing the stream
2020.05.21 17:14:48.955 [DEBUG] com.github.elkanuco.stream.encryption.PgpEncryptionService: Encrypting the stream
2020.05.21 17:14:48.956 [DEBUG] com.github.elkanuco.stream.encryption.PgpCompressionService: Compressed 25 bytes
2020.05.21 17:14:48.957 [DEBUG] com.github.elkanuco.stream.encryption.PgpCompressionService: Finished compression
2020.05.21 17:14:48.957 [DEBUG] com.github.elkanuco.stream.encryption.PgpEncryptionService: Encrypted 55 bytes
2020.05.21 17:14:48.958 [DEBUG] com.github.elkanuco.stream.encryption.PgpEncryptionService: Finished encryption
2020.05.21 17:14:48.971 [DEBUG] com.github.elkanuco.stream.encryption.PgpService: Adding provider to java's security manager.
2020.05.21 17:14:48.974 [DEBUG] com.github.elkanuco.stream.encryption.PgpService: Reading publick key.
2020.05.21 17:14:48.974 [DEBUG] com.github.elkanuco.stream.encryption.PgpUtils: Starting PGP encryption.
2020.05.21 17:14:48.974 [DEBUG] com.github.elkanuco.stream.encryption.PgpCompressionService: Compressing the stream
2020.05.21 17:14:48.975 [DEBUG] com.github.elkanuco.stream.encryption.PgpEncryptionService: Encrypting the stream
2020.05.21 17:14:48.975 [DEBUG] com.github.elkanuco.stream.encryption.PgpCompressionService: Compressed 25 bytes
2020.05.21 17:14:48.977 [DEBUG] com.github.elkanuco.stream.encryption.PgpCompressionService: Finished compression
2020.05.21 17:14:48.980 [DEBUG] com.github.elkanuco.stream.encryption.PgpEncryptionService: Encrypted 55 bytes
2020.05.21 17:14:48.981 [DEBUG] com.github.elkanuco.stream.encryption.PgpEncryptionService: Finished encryption
2020.05.21 17:14:48.992 [DEBUG] com.github.elkanuco.stream.encryption.PgpService: Adding provider to java's security manager.
2020.05.21 17:14:48.995 [DEBUG] com.github.elkanuco.stream.encryption.PgpService: Reading publick key.
2020.05.21 17:14:48.996 [DEBUG] com.github.elkanuco.stream.encryption.PgpUtils: Starting PGP encryption.
2020.05.21 17:14:48.996 [DEBUG] com.github.elkanuco.stream.encryption.PgpCompressionService: Compressing the stream
2020.05.21 17:14:48.996 [DEBUG] com.github.elkanuco.stream.encryption.PgpEncryptionService: Encrypting the stream
2020.05.21 17:14:48.996 [DEBUG] com.github.elkanuco.stream.encryption.PgpCompressionService: Compressed 25 bytes
2020.05.21 17:14:48.999 [DEBUG] com.github.elkanuco.stream.encryption.PgpCompressionService: Finished compression
2020.05.21 17:14:49.002 [DEBUG] com.github.elkanuco.stream.encryption.PgpEncryptionService: Encrypted 55 bytes
2020.05.21 17:14:49.003 [DEBUG] com.github.elkanuco.stream.encryption.PgpEncryptionService: Finished encryption
2020.05.21 17:14:49.010 [DEBUG] com.github.elkanuco.stream.encryption.PgpService: Adding provider to java's security manager.
2020.05.21 17:14:49.014 [DEBUG] com.github.elkanuco.stream.encryption.PgpService: Reading publick key.
2020.05.21 17:14:49.014 [DEBUG] com.github.elkanuco.stream.encryption.PgpUtils: Starting PGP encryption.
2020.05.21 17:14:49.014 [DEBUG] com.github.elkanuco.stream.encryption.PgpCompressionService: Compressing the stream
2020.05.21 17:14:49.015 [DEBUG] com.github.elkanuco.stream.encryption.PgpEncryptionService: Encrypting the stream
2020.05.21 17:14:49.016 [DEBUG] com.github.elkanuco.stream.encryption.PgpCompressionService: Compressed 25 bytes
2020.05.21 17:14:49.018 [DEBUG] com.github.elkanuco.stream.encryption.PgpCompressionService: Finished compression
2020.05.21 17:14:49.018 [DEBUG] com.github.elkanuco.stream.encryption.PgpEncryptionService: Encrypted 55 bytes
2020.05.21 17:14:49.019 [DEBUG] com.github.elkanuco.stream.encryption.PgpEncryptionService: Finished encryption
2020.05.21 17:14:49.028 [DEBUG] com.github.elkanuco.stream.encryption.PgpService: Adding provider to java's security manager.
2020.05.21 17:14:49.032 [DEBUG] com.github.elkanuco.stream.encryption.PgpService: Reading publick key.
2020.05.21 17:14:49.033 [DEBUG] com.github.elkanuco.stream.encryption.PgpUtils: Starting PGP encryption.
2020.05.21 17:14:49.033 [DEBUG] com.github.elkanuco.stream.encryption.PgpCompressionService: Compressing the stream
2020.05.21 17:14:49.034 [DEBUG] com.github.elkanuco.stream.encryption.PgpEncryptionService: Encrypting the stream
2020.05.21 17:14:49.035 [DEBUG] com.github.elkanuco.stream.encryption.PgpCompressionService: Compressed 25 bytes
2020.05.21 17:14:49.037 [DEBUG] com.github.elkanuco.stream.encryption.PgpCompressionService: Finished compression
2020.05.21 17:14:49.037 [DEBUG] com.github.elkanuco.stream.encryption.PgpEncryptionService: Encrypted 55 bytes
2020.05.21 17:14:49.037 [DEBUG] com.github.elkanuco.stream.encryption.PgpEncryptionService: Finished encryption
2020.05.21 17:14:49.044 [DEBUG] com.github.elkanuco.stream.encryption.PgpService: Adding provider to java's security manager.
2020.05.21 17:14:49.047 [DEBUG] com.github.elkanuco.stream.encryption.PgpService: Reading publick key.
2020.05.21 17:14:49.047 [DEBUG] com.github.elkanuco.stream.encryption.PgpUtils: Starting PGP encryption.
2020.05.21 17:14:49.047 [DEBUG] com.github.elkanuco.stream.encryption.PgpCompressionService: Compressing the stream
2020.05.21 17:14:49.048 [DEBUG] com.github.elkanuco.stream.encryption.PgpEncryptionService: Encrypting the stream
2020.05.21 17:14:49.049 [DEBUG] com.github.elkanuco.stream.encryption.PgpCompressionService: Compressed 25 bytes
2020.05.21 17:14:49.050 [DEBUG] com.github.elkanuco.stream.encryption.PgpCompressionService: Finished compression
2020.05.21 17:14:49.050 [DEBUG] com.github.elkanuco.stream.encryption.PgpEncryptionService: Encrypted 55 bytes
2020.05.21 17:14:49.051 [DEBUG] com.github.elkanuco.stream.encryption.PgpEncryptionService: Finished encryption
2020.05.21 17:14:49.059 [DEBUG] com.github.elkanuco.stream.encryption.PgpService: Adding provider to java's security manager.
2020.05.21 17:14:49.062 [DEBUG] com.github.elkanuco.stream.encryption.PgpService: Reading publick key.
2020.05.21 17:14:49.062 [DEBUG] com.github.elkanuco.stream.encryption.PgpUtils: Starting PGP encryption.
2020.05.21 17:14:49.062 [DEBUG] com.github.elkanuco.stream.encryption.PgpCompressionService: Compressing the stream
2020.05.21 17:14:49.063 [DEBUG] com.github.elkanuco.stream.encryption.PgpEncryptionService: Encrypting the stream
2020.05.21 17:14:49.063 [DEBUG] com.github.elkanuco.stream.encryption.PgpCompressionService: Compressed 25 bytes
2020.05.21 17:14:49.063 [DEBUG] com.github.elkanuco.stream.encryption.PgpCompressionService: Finished compression
2020.05.21 17:14:49.068 [DEBUG] com.github.elkanuco.stream.encryption.PgpEncryptionService: Encrypted 55 bytes
2020.05.21 17:14:49.069 [DEBUG] com.github.elkanuco.stream.encryption.PgpEncryptionService: Finished encryption
2020.05.21 17:14:49.075 [DEBUG] com.github.elkanuco.stream.encryption.PgpService: Adding provider to java's security manager.
2020.05.21 17:14:49.091 [DEBUG] com.github.elkanuco.stream.encryption.PgpService: Reading publick key.
2020.05.21 17:14:49.091 [DEBUG] com.github.elkanuco.stream.encryption.PgpUtils: Starting PGP encryption.
2020.05.21 17:14:49.091 [DEBUG] com.github.elkanuco.stream.encryption.PgpCompressionService: Compressing the stream
2020.05.21 17:14:49.091 [DEBUG] com.github.elkanuco.stream.encryption.PgpEncryptionService: Encrypting the stream
2020.05.21 17:14:49.092 [DEBUG] com.github.elkanuco.stream.encryption.PgpCompressionService: Compressed 25 bytes
2020.05.21 17:14:49.092 [DEBUG] com.github.elkanuco.stream.encryption.PgpCompressionService: Finished compression
2020.05.21 17:14:49.095 [DEBUG] com.github.elkanuco.stream.encryption.PgpEncryptionService: Encrypted 55 bytes
2020.05.21 17:14:49.095 [DEBUG] com.github.elkanuco.stream.encryption.PgpEncryptionService: Finished encryption
2020.05.21 17:14:49.101 [DEBUG] com.github.elkanuco.stream.encryption.PgpService: Adding provider to java's security manager.
2020.05.21 17:14:49.104 [DEBUG] com.github.elkanuco.stream.encryption.PgpService: Reading publick key.
2020.05.21 17:14:49.105 [DEBUG] com.github.elkanuco.stream.encryption.PgpUtils: Starting PGP encryption.
2020.05.21 17:14:49.105 [DEBUG] com.github.elkanuco.stream.encryption.PgpCompressionService: Compressing the stream
2020.05.21 17:14:49.105 [DEBUG] com.github.elkanuco.stream.encryption.PgpEncryptionService: Encrypting the stream
2020.05.21 17:14:49.107 [DEBUG] com.github.elkanuco.stream.encryption.PgpCompressionService: Compressed 25 bytes
2020.05.21 17:14:49.108 [DEBUG] com.github.elkanuco.stream.encryption.PgpCompressionService: Finished compression
2020.05.21 17:14:49.108 [DEBUG] com.github.elkanuco.stream.encryption.PgpEncryptionService: Encrypted 55 bytes
2020.05.21 17:14:49.109 [DEBUG] com.github.elkanuco.stream.encryption.PgpEncryptionService: Finished encryption
2020.05.21 17:14:49.114 [DEBUG] com.github.elkanuco.stream.encryption.PgpService: Adding provider to java's security manager.
2020.05.21 17:14:49.118 [DEBUG] com.github.elkanuco.stream.encryption.PgpService: Reading publick key.
2020.05.21 17:14:49.119 [DEBUG] com.github.elkanuco.stream.encryption.PgpUtils: Starting PGP encryption.
2020.05.21 17:14:49.119 [DEBUG] com.github.elkanuco.stream.encryption.PgpCompressionService: Compressing the stream
2020.05.21 17:14:49.119 [DEBUG] com.github.elkanuco.stream.encryption.PgpEncryptionService: Encrypting the stream
2020.05.21 17:14:49.120 [DEBUG] com.github.elkanuco.stream.encryption.PgpCompressionService: Compressed 25 bytes
2020.05.21 17:14:49.121 [DEBUG] com.github.elkanuco.stream.encryption.PgpCompressionService: Finished compression
2020.05.21 17:14:49.121 [DEBUG] com.github.elkanuco.stream.encryption.PgpEncryptionService: Encrypted 55 bytes
2020.05.21 17:14:49.122 [DEBUG] com.github.elkanuco.stream.encryption.PgpEncryptionService: Finished encryption
2020.05.21 17:14:49.130 [DEBUG] com.github.elkanuco.stream.encryption.PgpService: Adding provider to java's security manager.
2020.05.21 17:14:49.135 [DEBUG] com.github.elkanuco.stream.encryption.PgpService: Reading publick key.
2020.05.21 17:14:49.136 [DEBUG] com.github.elkanuco.stream.encryption.PgpUtils: Starting PGP encryption.
2020.05.21 17:14:49.136 [DEBUG] com.github.elkanuco.stream.encryption.PgpCompressionService: Compressing the stream
2020.05.21 17:14:49.137 [DEBUG] com.github.elkanuco.stream.encryption.PgpEncryptionService: Encrypting the stream
2020.05.21 17:14:49.137 [DEBUG] com.github.elkanuco.stream.encryption.PgpCompressionService: Compressed 25 bytes
2020.05.21 17:14:49.138 [DEBUG] com.github.elkanuco.stream.encryption.PgpCompressionService: Finished compression
2020.05.21 17:14:49.138 [DEBUG] com.github.elkanuco.stream.encryption.PgpEncryptionService: Encrypted 55 bytes
2020.05.21 17:14:49.139 [DEBUG] com.github.elkanuco.stream.encryption.PgpEncryptionService: Finished encryption
2020.05.21 17:14:49.145 [DEBUG] com.github.elkanuco.stream.encryption.PgpService: Adding provider to java's security manager.
2020.05.21 17:14:49.148 [DEBUG] com.github.elkanuco.stream.encryption.PgpService: Reading publick key.
2020.05.21 17:14:49.149 [DEBUG] com.github.elkanuco.stream.encryption.PgpUtils: Starting PGP encryption.
2020.05.21 17:14:49.149 [DEBUG] com.github.elkanuco.stream.encryption.PgpCompressionService: Compressing the stream
2020.05.21 17:14:49.149 [DEBUG] com.github.elkanuco.stream.encryption.PgpEncryptionService: Encrypting the stream
2020.05.21 17:14:49.150 [DEBUG] com.github.elkanuco.stream.encryption.PgpCompressionService: Compressed 25 bytes
2020.05.21 17:14:49.152 [DEBUG] com.github.elkanuco.stream.encryption.PgpCompressionService: Finished compression
2020.05.21 17:14:49.152 [DEBUG] com.github.elkanuco.stream.encryption.PgpEncryptionService: Encrypted 53 bytes
2020.05.21 17:14:49.153 [DEBUG] com.github.elkanuco.stream.encryption.PgpEncryptionService: Finished encryption
2020.05.21 17:14:49.160 [DEBUG] com.github.elkanuco.stream.encryption.PgpService: Adding provider to java's security manager.
2020.05.21 17:14:49.163 [DEBUG] com.github.elkanuco.stream.encryption.PgpService: Reading publick key.
2020.05.21 17:14:49.164 [DEBUG] com.github.elkanuco.stream.encryption.PgpUtils: Starting PGP encryption.
2020.05.21 17:14:49.164 [DEBUG] com.github.elkanuco.stream.encryption.PgpCompressionService: Compressing the stream
2020.05.21 17:14:49.164 [DEBUG] com.github.elkanuco.stream.encryption.PgpEncryptionService: Encrypting the stream
2020.05.21 17:14:49.165 [DEBUG] com.github.elkanuco.stream.encryption.PgpCompressionService: Compressed 25 bytes
2020.05.21 17:14:49.170 [DEBUG] com.github.elkanuco.stream.encryption.PgpCompressionService: Finished compression
2020.05.21 17:14:49.170 [DEBUG] com.github.elkanuco.stream.encryption.PgpEncryptionService: Encrypted 55 bytes
2020.05.21 17:14:49.170 [DEBUG] com.github.elkanuco.stream.encryption.PgpEncryptionService: Finished encryption
2020.05.21 17:14:49.176 [DEBUG] com.github.elkanuco.stream.encryption.PgpService: Adding provider to java's security manager.
2020.05.21 17:14:49.178 [DEBUG] com.github.elkanuco.stream.encryption.PgpService: Reading publick key.
2020.05.21 17:14:49.179 [DEBUG] com.github.elkanuco.stream.encryption.PgpUtils: Starting PGP encryption.
2020.05.21 17:14:49.179 [DEBUG] com.github.elkanuco.stream.encryption.PgpCompressionService: Compressing the stream
2020.05.21 17:14:49.179 [DEBUG] com.github.elkanuco.stream.encryption.PgpEncryptionService: Encrypting the stream
2020.05.21 17:14:49.180 [DEBUG] com.github.elkanuco.stream.encryption.PgpCompressionService: Compressed 25 bytes
2020.05.21 17:14:49.184 [DEBUG] com.github.elkanuco.stream.encryption.PgpCompressionService: Finished compression
2020.05.21 17:14:49.185 [DEBUG] com.github.elkanuco.stream.encryption.PgpEncryptionService: Encrypted 61 bytes
2020.05.21 17:14:49.185 [DEBUG] com.github.elkanuco.stream.encryption.PgpEncryptionService: Finished encryption
2020.05.21 17:14:49.192 [DEBUG] com.github.elkanuco.stream.encryption.PgpService: Adding provider to java's security manager.
2020.05.21 17:14:49.193 [DEBUG] com.github.elkanuco.stream.encryption.PgpService: Reading publick key.
2020.05.21 17:14:49.194 [DEBUG] com.github.elkanuco.stream.encryption.PgpUtils: Starting PGP encryption.
2020.05.21 17:14:49.194 [DEBUG] com.github.elkanuco.stream.encryption.PgpCompressionService: Compressing the stream
2020.05.21 17:14:49.194 [DEBUG] com.github.elkanuco.stream.encryption.PgpEncryptionService: Encrypting the stream
2020.05.21 17:14:49.211 [DEBUG] com.github.elkanuco.stream.encryption.PgpCompressionService: Compressed 25 bytes
2020.05.21 17:14:49.212 [DEBUG] com.github.elkanuco.stream.encryption.PgpEncryptionService: Encrypted 103 bytes
2020.05.21 17:14:49.212 [DEBUG] com.github.elkanuco.stream.encryption.PgpCompressionService: Finished compression
2020.05.21 17:14:49.213 [DEBUG] com.github.elkanuco.stream.encryption.PgpEncryptionService: Finished encryption
2020.05.21 17:14:49.224 [DEBUG] com.github.elkanuco.stream.encryption.PgpService: Adding provider to java's security manager.
2020.05.21 17:14:49.229 [DEBUG] com.github.elkanuco.stream.encryption.PgpService: Reading publick key.
2020.05.21 17:14:49.229 [DEBUG] com.github.elkanuco.stream.encryption.PgpUtils: Starting PGP encryption.
2020.05.21 17:14:49.237 [DEBUG] com.github.elkanuco.stream.encryption.PgpCompressionService: Compressing the stream
2020.05.21 17:14:49.238 [DEBUG] com.github.elkanuco.stream.encryption.PgpEncryptionService: Encrypting the stream
2020.05.21 17:15:02.009 [DEBUG] com.github.elkanuco.stream.encryption.PgpCompressionService: Compressed 66600000 bytes
2020.05.21 17:15:02.012 [DEBUG] com.github.elkanuco.stream.encryption.PgpCompressionService: Finished compression
2020.05.21 17:15:02.012 [DEBUG] com.github.elkanuco.stream.encryption.PgpEncryptionService: Encrypted 50132343 bytes
2020.05.21 17:15:02.012 [DEBUG] com.github.elkanuco.stream.encryption.PgpEncryptionService: Finished encryption
2020.05.21 17:15:06.424 [DEBUG] com.github.elkanuco.stream.encryption.PgpService: Adding provider to java's security manager.
2020.05.21 17:15:06.427 [DEBUG] com.github.elkanuco.stream.encryption.PgpService: Reading publick key.
2020.05.21 17:15:06.428 [DEBUG] com.github.elkanuco.stream.encryption.PgpUtils: Starting PGP encryption.
2020.05.21 17:15:06.428 [DEBUG] com.github.elkanuco.stream.encryption.PgpCompressionService: Compressing the stream
2020.05.21 17:15:06.428 [DEBUG] com.github.elkanuco.stream.encryption.PgpEncryptionService: Encrypting the stream
2020.05.21 17:15:06.429 [DEBUG] com.github.elkanuco.stream.encryption.PgpCompressionService: Compressed 25 bytes
2020.05.21 17:15:06.430 [DEBUG] com.github.elkanuco.stream.encryption.PgpCompressionService: Finished compression
2020.05.21 17:15:06.430 [DEBUG] com.github.elkanuco.stream.encryption.PgpEncryptionService: Encrypted 55 bytes
2020.05.21 17:15:06.430 [DEBUG] com.github.elkanuco.stream.encryption.PgpEncryptionService: Finished encryption
2020.05.21 17:15:06.438 [DEBUG] com.github.elkanuco.stream.encryption.PgpService: Adding provider to java's security manager.
2020.05.21 17:15:06.441 [DEBUG] com.github.elkanuco.stream.encryption.PgpService: Reading publick key.
2020.05.21 17:15:06.441 [DEBUG] com.github.elkanuco.stream.encryption.PgpUtils: Starting PGP encryption.
2020.05.21 17:15:06.441 [DEBUG] com.github.elkanuco.stream.encryption.PgpCompressionService: Compressing the stream
2020.05.21 17:15:06.442 [DEBUG] com.github.elkanuco.stream.encryption.PgpEncryptionService: Encrypting the stream
2020.05.21 17:15:06.443 [DEBUG] com.github.elkanuco.stream.encryption.PgpCompressionService: Compressed 25 bytes
2020.05.21 17:15:06.443 [DEBUG] com.github.elkanuco.stream.encryption.PgpCompressionService: Finished compression
2020.05.21 17:15:06.444 [DEBUG] com.github.elkanuco.stream.encryption.PgpEncryptionService: Encrypted 55 bytes
2020.05.21 17:15:06.444 [DEBUG] com.github.elkanuco.stream.encryption.PgpEncryptionService: Finished encryption
2020.05.21 17:15:06.452 [DEBUG] com.github.elkanuco.stream.encryption.PgpService: Adding provider to java's security manager.
2020.05.21 17:15:06.455 [DEBUG] com.github.elkanuco.stream.encryption.PgpService: Reading publick key.
2020.05.21 17:15:06.456 [DEBUG] com.github.elkanuco.stream.encryption.PgpUtils: Starting PGP encryption.
2020.05.21 17:15:06.456 [DEBUG] com.github.elkanuco.stream.encryption.PgpCompressionService: Compressing the stream
2020.05.21 17:15:06.456 [DEBUG] com.github.elkanuco.stream.encryption.PgpEncryptionService: Encrypting the stream
2020.05.21 17:15:06.456 [DEBUG] com.github.elkanuco.stream.encryption.PgpCompressionService: Compressed 25 bytes
2020.05.21 17:15:06.457 [DEBUG] com.github.elkanuco.stream.encryption.PgpCompressionService: Finished compression
2020.05.21 17:15:06.457 [DEBUG] com.github.elkanuco.stream.encryption.PgpEncryptionService: Encrypted 55 bytes
2020.05.21 17:15:06.457 [DEBUG] com.github.elkanuco.stream.encryption.PgpEncryptionService: Finished encryption
2020.05.21 17:15:06.462 [DEBUG] com.github.elkanuco.stream.encryption.PgpService: Adding provider to java's security manager.
2020.05.21 17:15:06.465 [DEBUG] com.github.elkanuco.stream.encryption.PgpService: Reading publick key.
2020.05.21 17:15:06.466 [DEBUG] com.github.elkanuco.stream.encryption.PgpUtils: Starting PGP encryption.
2020.05.21 17:15:06.466 [DEBUG] com.github.elkanuco.stream.encryption.PgpCompressionService: Compressing the stream
2020.05.21 17:15:06.466 [DEBUG] com.github.elkanuco.stream.encryption.PgpEncryptionService: Encrypting the stream
2020.05.21 17:15:06.467 [DEBUG] com.github.elkanuco.stream.encryption.PgpCompressionService: Compressed 25 bytes
2020.05.21 17:15:06.467 [DEBUG] com.github.elkanuco.stream.encryption.PgpCompressionService: Finished compression
2020.05.21 17:15:06.467 [DEBUG] com.github.elkanuco.stream.encryption.PgpEncryptionService: Encrypted 55 bytes
2020.05.21 17:15:06.468 [DEBUG] com.github.elkanuco.stream.encryption.PgpEncryptionService: Finished encryption
2020.05.21 17:15:06.475 [DEBUG] com.github.elkanuco.stream.encryption.PgpService: Adding provider to java's security manager.
2020.05.21 17:15:06.477 [DEBUG] com.github.elkanuco.stream.encryption.PgpService: Reading publick key.
2020.05.21 17:15:06.477 [DEBUG] com.github.elkanuco.stream.encryption.PgpUtils: Starting PGP encryption.
2020.05.21 17:15:06.477 [DEBUG] com.github.elkanuco.stream.encryption.PgpCompressionService: Compressing the stream
2020.05.21 17:15:06.478 [DEBUG] com.github.elkanuco.stream.encryption.PgpEncryptionService: Encrypting the stream
2020.05.21 17:15:06.478 [DEBUG] com.github.elkanuco.stream.encryption.PgpCompressionService: Compressed 25 bytes
2020.05.21 17:15:06.478 [DEBUG] com.github.elkanuco.stream.encryption.PgpCompressionService: Finished compression
2020.05.21 17:15:06.479 [DEBUG] com.github.elkanuco.stream.encryption.PgpEncryptionService: Encrypted 55 bytes
2020.05.21 17:15:06.479 [DEBUG] com.github.elkanuco.stream.encryption.PgpEncryptionService: Finished encryption
