2020.05.21 17:04:17.255 [DEBUG] com.github.elkanuco.stream.encryption.PgpService: Adding provider to java's security manager.
2020.05.21 17:04:17.255 [INFO] com.github.elkanuco.stream.encryption.PgpServiceTest: Written 0MB streamed
2020.05.21 17:04:17.261 [DEBUG] com.github.elkanuco.stream.encryption.PgpService: Reading publick key.
2020.05.21 17:04:17.271 [DEBUG] com.github.elkanuco.stream.encryption.PgpUtils: Starting PGP encryption.
2020.05.21 17:04:17.272 [DEBUG] com.github.elkanuco.stream.encryption.PgpCompressionService: Compressing the stream
2020.05.21 17:04:17.274 [DEBUG] com.github.elkanuco.stream.encryption.PgpEncryptionService: Encrypting the stream
2020.05.21 17:04:17.335 [INFO] com.github.elkanuco.stream.encryption.PgpServiceTest: Written 1MB streamed
2020.05.21 17:04:17.359 [INFO] com.github.elkanuco.stream.encryption.PgpServiceTest: Written 2MB streamed
2020.05.21 17:04:17.388 [INFO] com.github.elkanuco.stream.encryption.PgpServiceTest: Written 3MB streamed
2020.05.21 17:04:17.530 [INFO] com.github.elkanuco.stream.encryption.PgpServiceTest: Written 4MB streamed
2020.05.21 17:04:17.553 [INFO] com.github.elkanuco.stream.encryption.PgpServiceTest: Written 5MB streamed
2020.05.21 17:04:17.573 [INFO] com.github.elkanuco.stream.encryption.PgpServiceTest: Written 6MB streamed
2020.05.21 17:04:17.600 [INFO] com.github.elkanuco.stream.encryption.PgpServiceTest: Written 7MB streamed
2020.05.21 17:04:17.707 [INFO] com.github.elkanuco.stream.encryption.PgpServiceTest: Written 8MB streamed
2020.05.21 17:04:17.726 [INFO] com.github.elkanuco.stream.encryption.PgpServiceTest: Written 9MB streamed
2020.05.21 17:04:17.750 [INFO] com.github.elkanuco.stream.encryption.PgpServiceTest: Written 10MB streamed
2020.05.21 17:04:17.773 [INFO] com.github.elkanuco.stream.encryption.PgpServiceTest: Written 11MB streamed
2020.05.21 17:04:17.830 [INFO] com.github.elkanuco.stream.encryption.PgpServiceTest: Written 12MB streamed
2020.05.21 17:04:17.859 [INFO] com.github.elkanuco.stream.encryption.PgpServiceTest: Written 13MB streamed
2020.05.21 17:04:17.893 [INFO] com.github.elkanuco.stream.encryption.PgpServiceTest: Written 14MB streamed
2020.05.21 17:04:17.919 [INFO] com.github.elkanuco.stream.encryption.PgpServiceTest: Written 15MB streamed
2020.05.21 17:04:17.976 [INFO] com.github.elkanuco.stream.encryption.PgpServiceTest: Written 16MB streamed
2020.05.21 17:04:17.996 [INFO] com.github.elkanuco.stream.encryption.PgpServiceTest: Written 17MB streamed
2020.05.21 17:04:18.015 [INFO] com.github.elkanuco.stream.encryption.PgpServiceTest: Written 18MB streamed
2020.05.21 17:04:18.050 [INFO] com.github.elkanuco.stream.encryption.PgpServiceTest: Written 19MB streamed
2020.05.21 17:04:18.067 [INFO] com.github.elkanuco.stream.encryption.PgpServiceTest: Written 20MB streamed
2020.05.21 17:04:18.085 [INFO] com.github.elkanuco.stream.encryption.PgpServiceTest: Written 21MB streamed
2020.05.21 17:04:18.103 [INFO] com.github.elkanuco.stream.encryption.PgpServiceTest: Written 22MB streamed
2020.05.21 17:04:18.150 [INFO] com.github.elkanuco.stream.encryption.PgpServiceTest: Written 23MB streamed
2020.05.21 17:04:18.168 [INFO] com.github.elkanuco.stream.encryption.PgpServiceTest: Written 24MB streamed
2020.05.21 17:04:18.185 [INFO] com.github.elkanuco.stream.encryption.PgpServiceTest: Written 25MB streamed
2020.05.21 17:04:18.203 [INFO] com.github.elkanuco.stream.encryption.PgpServiceTest: Written 26MB streamed
2020.05.21 17:04:18.255 [INFO] com.github.elkanuco.stream.encryption.PgpServiceTest: Written 27MB streamed
2020.05.21 17:04:18.274 [INFO] com.github.elkanuco.stream.encryption.PgpServiceTest: Written 28MB streamed
2020.05.21 17:04:18.294 [INFO] com.github.elkanuco.stream.encryption.PgpServiceTest: Written 29MB streamed
2020.05.21 17:04:18.312 [INFO] com.github.elkanuco.stream.encryption.PgpServiceTest: Written 30MB streamed
2020.05.21 17:04:18.345 [INFO] com.github.elkanuco.stream.encryption.PgpServiceTest: Written 31MB streamed
2020.05.21 17:04:18.362 [INFO] com.github.elkanuco.stream.encryption.PgpServiceTest: Written 32MB streamed
2020.05.21 17:04:18.380 [INFO] com.github.elkanuco.stream.encryption.PgpServiceTest: Written 33MB streamed
2020.05.21 17:04:18.432 [INFO] com.github.elkanuco.stream.encryption.PgpServiceTest: Written 34MB streamed
2020.05.21 17:04:18.450 [INFO] com.github.elkanuco.stream.encryption.PgpServiceTest: Written 35MB streamed
2020.05.21 17:04:18.468 [INFO] com.github.elkanuco.stream.encryption.PgpServiceTest: Written 36MB streamed
2020.05.21 17:04:18.486 [INFO] com.github.elkanuco.stream.encryption.PgpServiceTest: Written 37MB streamed
2020.05.21 17:04:18.519 [INFO] com.github.elkanuco.stream.encryption.PgpServiceTest: Written 38MB streamed
2020.05.21 17:04:18.536 [INFO] com.github.elkanuco.stream.encryption.PgpServiceTest: Written 39MB streamed
2020.05.21 17:04:18.554 [INFO] com.github.elkanuco.stream.encryption.PgpServiceTest: Written 40MB streamed
2020.05.21 17:04:18.573 [INFO] com.github.elkanuco.stream.encryption.PgpServiceTest: Written 41MB streamed
2020.05.21 17:04:18.626 [INFO] com.github.elkanuco.stream.encryption.PgpServiceTest: Written 42MB streamed
2020.05.21 17:04:18.648 [INFO] com.github.elkanuco.stream.encryption.PgpServiceTest: Written 43MB streamed
2020.05.21 17:04:18.667 [INFO] com.github.elkanuco.stream.encryption.PgpServiceTest: Written 44MB streamed
2020.05.21 17:04:18.688 [INFO] com.github.elkanuco.stream.encryption.PgpServiceTest: Written 45MB streamed
2020.05.21 17:04:18.741 [INFO] com.github.elkanuco.stream.encryption.PgpServiceTest: Written 46MB streamed
2020.05.21 17:04:18.759 [INFO] com.github.elkanuco.stream.encryption.PgpServiceTest: Written 47MB streamed
2020.05.21 17:04:18.777 [INFO] com.github.elkanuco.stream.encryption.PgpServiceTest: Written 48MB streamed
2020.05.21 17:04:18.812 [INFO] com.github.elkanuco.stream.encryption.PgpServiceTest: Written 49MB streamed
2020.05.21 17:04:18.832 [INFO] com.github.elkanuco.stream.encryption.PgpServiceTest: Written 50MB streamed
2020.05.21 17:04:18.850 [INFO] com.github.elkanuco.stream.encryption.PgpServiceTest: Written 51MB streamed
2020.05.21 17:04:18.868 [INFO] com.github.elkanuco.stream.encryption.PgpServiceTest: Written 52MB streamed
2020.05.21 17:04:18.920 [INFO] com.github.elkanuco.stream.encryption.PgpServiceTest: Written 53MB streamed
2020.05.21 17:04:18.940 [INFO] com.github.elkanuco.stream.encryption.PgpServiceTest: Written 54MB streamed
2020.05.21 17:04:18.958 [INFO] com.github.elkanuco.stream.encryption.PgpServiceTest: Written 55MB streamed
2020.05.21 17:04:18.976 [INFO] com.github.elkanuco.stream.encryption.PgpServiceTest: Written 56MB streamed
2020.05.21 17:04:19.008 [INFO] com.github.elkanuco.stream.encryption.PgpServiceTest: Written 57MB streamed
2020.05.21 17:04:19.026 [INFO] com.github.elkanuco.stream.encryption.PgpServiceTest: Written 58MB streamed
2020.05.21 17:04:19.044 [INFO] com.github.elkanuco.stream.encryption.PgpServiceTest: Written 59MB streamed
2020.05.21 17:04:19.063 [INFO] com.github.elkanuco.stream.encryption.PgpServiceTest: Written 60MB streamed
2020.05.21 17:04:19.116 [INFO] com.github.elkanuco.stream.encryption.PgpServiceTest: Written 61MB streamed
2020.05.21 17:04:19.134 [INFO] com.github.elkanuco.stream.encryption.PgpServiceTest: Written 62MB streamed
2020.05.21 17:04:19.152 [INFO] com.github.elkanuco.stream.encryption.PgpServiceTest: Written 63MB streamed
2020.05.21 17:04:19.183 [INFO] com.github.elkanuco.stream.encryption.PgpServiceTest: Written 64MB streamed
2020.05.21 17:04:19.203 [INFO] com.github.elkanuco.stream.encryption.PgpServiceTest: Written 65MB streamed
2020.05.21 17:04:19.221 [INFO] com.github.elkanuco.stream.encryption.PgpServiceTest: Written 66MB streamed
2020.05.21 17:04:19.239 [INFO] com.github.elkanuco.stream.encryption.PgpServiceTest: Written 67MB streamed
2020.05.21 17:04:19.286 [INFO] com.github.elkanuco.stream.encryption.PgpServiceTest: Written 68MB streamed
2020.05.21 17:04:19.306 [INFO] com.github.elkanuco.stream.encryption.PgpServiceTest: Written 69MB streamed
2020.05.21 17:04:19.327 [INFO] com.github.elkanuco.stream.encryption.PgpServiceTest: Written 70MB streamed
2020.05.21 17:04:19.346 [INFO] com.github.elkanuco.stream.encryption.PgpServiceTest: Written 71MB streamed
2020.05.21 17:04:19.396 [INFO] com.github.elkanuco.stream.encryption.PgpServiceTest: Written 72MB streamed
2020.05.21 17:04:19.414 [INFO] com.github.elkanuco.stream.encryption.PgpServiceTest: Written 73MB streamed
2020.05.21 17:04:19.431 [INFO] com.github.elkanuco.stream.encryption.PgpServiceTest: Written 74MB streamed
2020.05.21 17:04:19.448 [INFO] com.github.elkanuco.stream.encryption.PgpServiceTest: Written 75MB streamed
2020.05.21 17:04:19.479 [INFO] com.github.elkanuco.stream.encryption.PgpServiceTest: Written 76MB streamed
2020.05.21 17:04:19.496 [INFO] com.github.elkanuco.stream.encryption.PgpServiceTest: Written 77MB streamed
2020.05.21 17:04:19.513 [INFO] com.github.elkanuco.stream.encryption.PgpServiceTest: Written 78MB streamed
2020.05.21 17:04:19.530 [INFO] com.github.elkanuco.stream.encryption.PgpServiceTest: Written 79MB streamed
2020.05.21 17:04:19.579 [INFO] com.github.elkanuco.stream.encryption.PgpServiceTest: Written 80MB streamed
2020.05.21 17:04:19.600 [INFO] com.github.elkanuco.stream.encryption.PgpServiceTest: Written 81MB streamed
2020.05.21 17:04:19.619 [INFO] com.github.elkanuco.stream.encryption.PgpServiceTest: Written 82MB streamed
2020.05.21 17:04:19.652 [INFO] com.github.elkanuco.stream.encryption.PgpServiceTest: Written 83MB streamed
2020.05.21 17:04:19.669 [INFO] com.github.elkanuco.stream.encryption.PgpServiceTest: Written 84MB streamed
2020.05.21 17:04:19.686 [INFO] com.github.elkanuco.stream.encryption.PgpServiceTest: Written 85MB streamed
2020.05.21 17:04:19.703 [INFO] com.github.elkanuco.stream.encryption.PgpServiceTest: Written 86MB streamed
2020.05.21 17:04:19.755 [INFO] com.github.elkanuco.stream.encryption.PgpServiceTest: Written 87MB streamed
2020.05.21 17:04:19.774 [INFO] com.github.elkanuco.stream.encryption.PgpServiceTest: Written 88MB streamed
2020.05.21 17:04:19.793 [INFO] com.github.elkanuco.stream.encryption.PgpServiceTest: Written 89MB streamed
2020.05.21 17:04:19.812 [INFO] com.github.elkanuco.stream.encryption.PgpServiceTest: Written 90MB streamed
2020.05.21 17:04:19.845 [INFO] com.github.elkanuco.stream.encryption.PgpServiceTest: Written 91MB streamed
2020.05.21 17:04:19.863 [INFO] com.github.elkanuco.stream.encryption.PgpServiceTest: Written 92MB streamed
2020.05.21 17:04:19.881 [INFO] com.github.elkanuco.stream.encryption.PgpServiceTest: Written 93MB streamed
2020.05.21 17:04:19.898 [INFO] com.github.elkanuco.stream.encryption.PgpServiceTest: Written 94MB streamed
2020.05.21 17:04:19.945 [INFO] com.github.elkanuco.stream.encryption.PgpServiceTest: Written 95MB streamed
2020.05.21 17:04:19.963 [INFO] com.github.elkanuco.stream.encryption.PgpServiceTest: Written 96MB streamed
2020.05.21 17:04:19.981 [INFO] com.github.elkanuco.stream.encryption.PgpServiceTest: Written 97MB streamed
2020.05.21 17:04:20.029 [INFO] com.github.elkanuco.stream.encryption.PgpServiceTest: Written 98MB streamed
2020.05.21 17:04:20.047 [INFO] com.github.elkanuco.stream.encryption.PgpServiceTest: Written 99MB streamed
2020.05.21 17:04:20.064 [INFO] com.github.elkanuco.stream.encryption.PgpServiceTest: Written 100MB streamed
2020.05.21 17:04:20.082 [INFO] com.github.elkanuco.stream.encryption.PgpServiceTest: Written 101MB streamed
2020.05.21 17:04:20.115 [INFO] com.github.elkanuco.stream.encryption.PgpServiceTest: Written 102MB streamed
2020.05.21 17:04:20.135 [INFO] com.github.elkanuco.stream.encryption.PgpServiceTest: Written 103MB streamed
2020.05.21 17:04:20.154 [INFO] com.github.elkanuco.stream.encryption.PgpServiceTest: Written 104MB streamed
2020.05.21 17:04:20.172 [INFO] com.github.elkanuco.stream.encryption.PgpServiceTest: Written 105MB streamed
2020.05.21 17:04:20.219 [INFO] com.github.elkanuco.stream.encryption.PgpServiceTest: Written 106MB streamed
2020.05.21 17:04:20.238 [INFO] com.github.elkanuco.stream.encryption.PgpServiceTest: Written 107MB streamed
2020.05.21 17:04:20.256 [INFO] com.github.elkanuco.stream.encryption.PgpServiceTest: Written 108MB streamed
2020.05.21 17:04:20.272 [INFO] com.github.elkanuco.stream.encryption.PgpServiceTest: Written 109MB streamed
2020.05.21 17:04:20.304 [INFO] com.github.elkanuco.stream.encryption.PgpServiceTest: Written 110MB streamed
2020.05.21 17:04:20.322 [INFO] com.github.elkanuco.stream.encryption.PgpServiceTest: Written 111MB streamed
2020.05.21 17:04:20.339 [INFO] com.github.elkanuco.stream.encryption.PgpServiceTest: Written 112MB streamed
2020.05.21 17:04:20.387 [INFO] com.github.elkanuco.stream.encryption.PgpServiceTest: Written 113MB streamed
2020.05.21 17:04:20.407 [INFO] com.github.elkanuco.stream.encryption.PgpServiceTest: Written 114MB streamed
2020.05.21 17:04:20.425 [INFO] com.github.elkanuco.stream.encryption.PgpServiceTest: Written 115MB streamed
2020.05.21 17:04:20.442 [INFO] com.github.elkanuco.stream.encryption.PgpServiceTest: Written 116MB streamed
2020.05.21 17:04:20.489 [INFO] com.github.elkanuco.stream.encryption.PgpServiceTest: Written 117MB streamed
2020.05.21 17:04:20.506 [INFO] com.github.elkanuco.stream.encryption.PgpServiceTest: Written 118MB streamed
2020.05.21 17:04:20.523 [INFO] com.github.elkanuco.stream.encryption.PgpServiceTest: Written 119MB streamed
2020.05.21 17:04:20.540 [INFO] com.github.elkanuco.stream.encryption.PgpServiceTest: Written 120MB streamed
2020.05.21 17:04:20.571 [INFO] com.github.elkanuco.stream.encryption.PgpServiceTest: Written 121MB streamed
2020.05.21 17:04:20.589 [INFO] com.github.elkanuco.stream.encryption.PgpServiceTest: Written 122MB streamed
2020.05.21 17:04:20.609 [INFO] com.github.elkanuco.stream.encryption.PgpServiceTest: Written 123MB streamed
2020.05.21 17:04:20.629 [INFO] com.github.elkanuco.stream.encryption.PgpServiceTest: Written 124MB streamed
2020.05.21 17:04:20.679 [INFO] com.github.elkanuco.stream.encryption.PgpServiceTest: Written 125MB streamed
2020.05.21 17:04:20.696 [INFO] com.github.elkanuco.stream.encryption.PgpServiceTest: Written 126MB streamed
2020.05.21 17:04:20.713 [INFO] com.github.elkanuco.stream.encryption.PgpServiceTest: Written 127MB streamed
2020.05.21 17:04:20.745 [INFO] com.github.elkanuco.stream.encryption.PgpServiceTest: Written 128MB streamed
2020.05.21 17:04:20.761 [INFO] com.github.elkanuco.stream.encryption.PgpServiceTest: Written 129MB streamed
2020.05.21 17:04:20.779 [INFO] com.github.elkanuco.stream.encryption.PgpServiceTest: Written 130MB streamed
2020.05.21 17:04:20.804 [INFO] com.github.elkanuco.stream.encryption.PgpServiceTest: Written 131MB streamed
2020.05.21 17:04:20.850 [INFO] com.github.elkanuco.stream.encryption.PgpServiceTest: Written 132MB streamed
2020.05.21 17:04:20.867 [INFO] com.github.elkanuco.stream.encryption.PgpServiceTest: Written 133MB streamed
2020.05.21 17:04:20.883 [INFO] com.github.elkanuco.stream.encryption.PgpServiceTest: Written 134MB streamed
2020.05.21 17:04:20.900 [INFO] com.github.elkanuco.stream.encryption.PgpServiceTest: Written 135MB streamed
2020.05.21 17:04:20.931 [INFO] com.github.elkanuco.stream.encryption.PgpServiceTest: Written 136MB streamed
2020.05.21 17:04:20.947 [INFO] com.github.elkanuco.stream.encryption.PgpServiceTest: Written 137MB streamed
2020.05.21 17:04:20.964 [INFO] com.github.elkanuco.stream.encryption.PgpServiceTest: Written 138MB streamed
2020.05.21 17:04:20.981 [INFO] com.github.elkanuco.stream.encryption.PgpServiceTest: Written 139MB streamed
2020.05.21 17:04:21.029 [INFO] com.github.elkanuco.stream.encryption.PgpServiceTest: Written 140MB streamed
2020.05.21 17:04:21.047 [INFO] com.github.elkanuco.stream.encryption.PgpServiceTest: Written 141MB streamed
2020.05.21 17:04:21.065 [INFO] com.github.elkanuco.stream.encryption.PgpServiceTest: Written 142MB streamed
2020.05.21 17:04:21.082 [INFO] com.github.elkanuco.stream.encryption.PgpServiceTest: Written 143MB streamed
2020.05.21 17:04:21.130 [INFO] com.github.elkanuco.stream.encryption.PgpServiceTest: Written 144MB streamed
2020.05.21 17:04:21.147 [INFO] com.github.elkanuco.stream.encryption.PgpServiceTest: Written 145MB streamed
2020.05.21 17:04:21.165 [INFO] com.github.elkanuco.stream.encryption.PgpServiceTest: Written 146MB streamed
2020.05.21 17:04:21.196 [INFO] com.github.elkanuco.stream.encryption.PgpServiceTest: Written 147MB streamed
2020.05.21 17:04:21.213 [INFO] com.github.elkanuco.stream.encryption.PgpServiceTest: Written 148MB streamed
2020.05.21 17:04:21.229 [INFO] com.github.elkanuco.stream.encryption.PgpServiceTest: Written 149MB streamed
2020.05.21 17:04:21.246 [INFO] com.github.elkanuco.stream.encryption.PgpServiceTest: Written 150MB streamed
2020.05.21 17:04:21.289 [INFO] com.github.elkanuco.stream.encryption.PgpServiceTest: Written 151MB streamed
2020.05.21 17:04:21.307 [INFO] com.github.elkanuco.stream.encryption.PgpServiceTest: Written 152MB streamed
2020.05.21 17:04:21.325 [INFO] com.github.elkanuco.stream.encryption.PgpServiceTest: Written 153MB streamed
2020.05.21 17:04:21.343 [INFO] com.github.elkanuco.stream.encryption.PgpServiceTest: Written 154MB streamed
2020.05.21 17:04:21.375 [INFO] com.github.elkanuco.stream.encryption.PgpServiceTest: Written 155MB streamed
2020.05.21 17:04:21.392 [INFO] com.github.elkanuco.stream.encryption.PgpServiceTest: Written 156MB streamed
2020.05.21 17:04:21.411 [INFO] com.github.elkanuco.stream.encryption.PgpServiceTest: Written 157MB streamed
2020.05.21 17:04:21.429 [INFO] com.github.elkanuco.stream.encryption.PgpServiceTest: Written 158MB streamed
2020.05.21 17:04:21.475 [INFO] com.github.elkanuco.stream.encryption.PgpServiceTest: Written 159MB streamed
2020.05.21 17:04:21.491 [INFO] com.github.elkanuco.stream.encryption.PgpServiceTest: Written 160MB streamed
2020.05.21 17:04:21.508 [INFO] com.github.elkanuco.stream.encryption.PgpServiceTest: Written 161MB streamed
2020.05.21 17:04:21.551 [INFO] com.github.elkanuco.stream.encryption.PgpServiceTest: Written 162MB streamed
2020.05.21 17:04:21.568 [INFO] com.github.elkanuco.stream.encryption.PgpServiceTest: Written 163MB streamed
2020.05.21 17:04:21.585 [INFO] com.github.elkanuco.stream.encryption.PgpServiceTest: Written 164MB streamed
2020.05.21 17:04:21.602 [INFO] com.github.elkanuco.stream.encryption.PgpServiceTest: Written 165MB streamed
2020.05.21 17:04:21.634 [INFO] com.github.elkanuco.stream.encryption.PgpServiceTest: Written 166MB streamed
2020.05.21 17:04:21.653 [INFO] com.github.elkanuco.stream.encryption.PgpServiceTest: Written 167MB streamed
2020.05.21 17:04:21.671 [INFO] com.github.elkanuco.stream.encryption.PgpServiceTest: Written 168MB streamed
2020.05.21 17:04:21.691 [INFO] com.github.elkanuco.stream.encryption.PgpServiceTest: Written 169MB streamed
2020.05.21 17:04:21.742 [INFO] com.github.elkanuco.stream.encryption.PgpServiceTest: Written 170MB streamed
2020.05.21 17:04:21.760 [INFO] com.github.elkanuco.stream.encryption.PgpServiceTest: Written 171MB streamed
2020.05.21 17:04:21.777 [INFO] com.github.elkanuco.stream.encryption.PgpServiceTest: Written 172MB streamed
2020.05.21 17:04:21.796 [INFO] com.github.elkanuco.stream.encryption.PgpServiceTest: Written 173MB streamed
2020.05.21 17:04:21.830 [INFO] com.github.elkanuco.stream.encryption.PgpServiceTest: Written 174MB streamed
2020.05.21 17:04:21.849 [INFO] com.github.elkanuco.stream.encryption.PgpServiceTest: Written 175MB streamed
2020.05.21 17:04:21.866 [INFO] com.github.elkanuco.stream.encryption.PgpServiceTest: Written 176MB streamed
2020.05.21 17:04:21.912 [INFO] com.github.elkanuco.stream.encryption.PgpServiceTest: Written 177MB streamed
2020.05.21 17:04:21.930 [INFO] com.github.elkanuco.stream.encryption.PgpServiceTest: Written 178MB streamed
2020.05.21 17:04:21.948 [INFO] com.github.elkanuco.stream.encryption.PgpServiceTest: Written 179MB streamed
2020.05.21 17:04:21.965 [INFO] com.github.elkanuco.stream.encryption.PgpServiceTest: Written 180MB streamed
2020.05.21 17:04:21.999 [INFO] com.github.elkanuco.stream.encryption.PgpServiceTest: Written 181MB streamed
2020.05.21 17:04:22.018 [INFO] com.github.elkanuco.stream.encryption.PgpServiceTest: Written 182MB streamed
2020.05.21 17:04:22.035 [INFO] com.github.elkanuco.stream.encryption.PgpServiceTest: Written 183MB streamed
2020.05.21 17:04:22.055 [INFO] com.github.elkanuco.stream.encryption.PgpServiceTest: Written 184MB streamed
2020.05.21 17:04:22.110 [INFO] com.github.elkanuco.stream.encryption.PgpServiceTest: Written 185MB streamed
2020.05.21 17:04:22.133 [INFO] com.github.elkanuco.stream.encryption.PgpServiceTest: Written 186MB streamed
2020.05.21 17:04:22.151 [INFO] com.github.elkanuco.stream.encryption.PgpServiceTest: Written 187MB streamed
2020.05.21 17:04:22.168 [INFO] com.github.elkanuco.stream.encryption.PgpServiceTest: Written 188MB streamed
2020.05.21 17:04:22.213 [INFO] com.github.elkanuco.stream.encryption.PgpServiceTest: Written 189MB streamed
2020.05.21 17:04:22.230 [INFO] com.github.elkanuco.stream.encryption.PgpServiceTest: Written 190MB streamed
2020.05.21 17:04:22.247 [INFO] com.github.elkanuco.stream.encryption.PgpServiceTest: Written 191MB streamed
2020.05.21 17:04:22.277 [INFO] com.github.elkanuco.stream.encryption.PgpServiceTest: Written 192MB streamed
2020.05.21 17:04:22.294 [INFO] com.github.elkanuco.stream.encryption.PgpServiceTest: Written 193MB streamed
2020.05.21 17:04:22.310 [INFO] com.github.elkanuco.stream.encryption.PgpServiceTest: Written 194MB streamed
2020.05.21 17:04:22.328 [INFO] com.github.elkanuco.stream.encryption.PgpServiceTest: Written 195MB streamed
2020.05.21 17:04:22.373 [INFO] com.github.elkanuco.stream.encryption.PgpServiceTest: Written 196MB streamed
2020.05.21 17:04:22.389 [INFO] com.github.elkanuco.stream.encryption.PgpServiceTest: Written 197MB streamed
2020.05.21 17:04:22.406 [INFO] com.github.elkanuco.stream.encryption.PgpServiceTest: Written 198MB streamed
2020.05.21 17:04:22.423 [INFO] com.github.elkanuco.stream.encryption.PgpServiceTest: Written 199MB streamed
2020.05.21 17:04:22.454 [INFO] com.github.elkanuco.stream.encryption.PgpServiceTest: Written 200MB streamed
2020.05.21 17:04:22.470 [INFO] com.github.elkanuco.stream.encryption.PgpServiceTest: Written 201MB streamed
2020.05.21 17:04:22.489 [INFO] com.github.elkanuco.stream.encryption.PgpServiceTest: Written 202MB streamed
2020.05.21 17:04:22.507 [INFO] com.github.elkanuco.stream.encryption.PgpServiceTest: Written 203MB streamed
2020.05.21 17:04:22.553 [INFO] com.github.elkanuco.stream.encryption.PgpServiceTest: Written 204MB streamed
2020.05.21 17:04:22.570 [INFO] com.github.elkanuco.stream.encryption.PgpServiceTest: Written 205MB streamed
2020.05.21 17:04:22.589 [INFO] com.github.elkanuco.stream.encryption.PgpServiceTest: Written 206MB streamed
2020.05.21 17:04:22.611 [INFO] com.github.elkanuco.stream.encryption.PgpServiceTest: Written 207MB streamed
2020.05.21 17:04:22.664 [INFO] com.github.elkanuco.stream.encryption.PgpServiceTest: Written 208MB streamed
2020.05.21 17:04:22.683 [INFO] com.github.elkanuco.stream.encryption.PgpServiceTest: Written 209MB streamed
2020.05.21 17:04:22.700 [INFO] com.github.elkanuco.stream.encryption.PgpServiceTest: Written 210MB streamed
2020.05.21 17:04:22.732 [INFO] com.github.elkanuco.stream.encryption.PgpServiceTest: Written 211MB streamed
2020.05.21 17:04:22.749 [INFO] com.github.elkanuco.stream.encryption.PgpServiceTest: Written 212MB streamed
2020.05.21 17:04:22.766 [INFO] com.github.elkanuco.stream.encryption.PgpServiceTest: Written 213MB streamed
2020.05.21 17:04:22.783 [INFO] com.github.elkanuco.stream.encryption.PgpServiceTest: Written 214MB streamed
2020.05.21 17:04:22.831 [INFO] com.github.elkanuco.stream.encryption.PgpServiceTest: Written 215MB streamed
2020.05.21 17:04:22.849 [INFO] com.github.elkanuco.stream.encryption.PgpServiceTest: Written 216MB streamed
2020.05.21 17:04:22.866 [INFO] com.github.elkanuco.stream.encryption.PgpServiceTest: Written 217MB streamed
2020.05.21 17:04:22.884 [INFO] com.github.elkanuco.stream.encryption.PgpServiceTest: Written 218MB streamed
2020.05.21 17:04:22.948 [INFO] com.github.elkanuco.stream.encryption.PgpServiceTest: Written 219MB streamed
2020.05.21 17:04:22.980 [INFO] com.github.elkanuco.stream.encryption.PgpServiceTest: Written 220MB streamed
2020.05.21 17:04:23.016 [INFO] com.github.elkanuco.stream.encryption.PgpServiceTest: Written 221MB streamed
2020.05.21 17:04:23.044 [INFO] com.github.elkanuco.stream.encryption.PgpServiceTest: Written 222MB streamed
2020.05.21 17:04:23.090 [INFO] com.github.elkanuco.stream.encryption.PgpServiceTest: Written 223MB streamed
2020.05.21 17:04:23.109 [INFO] com.github.elkanuco.stream.encryption.PgpServiceTest: Written 224MB streamed
2020.05.21 17:04:23.129 [INFO] com.github.elkanuco.stream.encryption.PgpServiceTest: Written 225MB streamed
2020.05.21 17:04:23.162 [INFO] com.github.elkanuco.stream.encryption.PgpServiceTest: Written 226MB streamed
2020.05.21 17:04:23.181 [INFO] com.github.elkanuco.stream.encryption.PgpServiceTest: Written 227MB streamed
2020.05.21 17:04:23.199 [INFO] com.github.elkanuco.stream.encryption.PgpServiceTest: Written 228MB streamed
2020.05.21 17:04:23.237 [INFO] com.github.elkanuco.stream.encryption.PgpServiceTest: Written 229MB streamed
2020.05.21 17:04:23.295 [INFO] com.github.elkanuco.stream.encryption.PgpServiceTest: Written 230MB streamed
2020.05.21 17:04:23.331 [INFO] com.github.elkanuco.stream.encryption.PgpServiceTest: Written 231MB streamed
2020.05.21 17:04:23.365 [INFO] com.github.elkanuco.stream.encryption.PgpServiceTest: Written 232MB streamed
2020.05.21 17:04:23.391 [INFO] com.github.elkanuco.stream.encryption.PgpServiceTest: Written 233MB streamed
2020.05.21 17:04:23.470 [INFO] com.github.elkanuco.stream.encryption.PgpServiceTest: Written 234MB streamed
2020.05.21 17:04:23.518 [INFO] com.github.elkanuco.stream.encryption.PgpServiceTest: Written 235MB streamed
2020.05.21 17:04:23.548 [INFO] com.github.elkanuco.stream.encryption.PgpServiceTest: Written 236MB streamed
2020.05.21 17:04:23.580 [INFO] com.github.elkanuco.stream.encryption.PgpServiceTest: Written 237MB streamed
2020.05.21 17:04:23.620 [INFO] com.github.elkanuco.stream.encryption.PgpServiceTest: Written 238MB streamed
2020.05.21 17:04:23.640 [INFO] com.github.elkanuco.stream.encryption.PgpServiceTest: Written 239MB streamed
2020.05.21 17:04:23.657 [INFO] com.github.elkanuco.stream.encryption.PgpServiceTest: Written 240MB streamed
2020.05.21 17:04:23.704 [INFO] com.github.elkanuco.stream.encryption.PgpServiceTest: Written 241MB streamed
2020.05.21 17:04:23.721 [INFO] com.github.elkanuco.stream.encryption.PgpServiceTest: Written 242MB streamed
2020.05.21 17:04:23.739 [INFO] com.github.elkanuco.stream.encryption.PgpServiceTest: Written 243MB streamed
2020.05.21 17:04:23.756 [INFO] com.github.elkanuco.stream.encryption.PgpServiceTest: Written 244MB streamed
2020.05.21 17:04:23.787 [INFO] com.github.elkanuco.stream.encryption.PgpServiceTest: Written 245MB streamed
2020.05.21 17:04:23.803 [INFO] com.github.elkanuco.stream.encryption.PgpServiceTest: Written 246MB streamed
2020.05.21 17:04:23.821 [INFO] com.github.elkanuco.stream.encryption.PgpServiceTest: Written 247MB streamed
2020.05.21 17:04:23.839 [INFO] com.github.elkanuco.stream.encryption.PgpServiceTest: Written 248MB streamed
2020.05.21 17:04:23.885 [INFO] com.github.elkanuco.stream.encryption.PgpServiceTest: Written 249MB streamed
2020.05.21 17:04:23.902 [INFO] com.github.elkanuco.stream.encryption.PgpServiceTest: Produced 250 MB streamed
2020.05.21 17:04:23.903 [DEBUG] com.github.elkanuco.stream.encryption.PgpCompressionService: Compressed 262144036 bytes
2020.05.21 17:04:23.919 [DEBUG] com.github.elkanuco.stream.encryption.PgpCompressionService: Finished compression
2020.05.21 17:04:23.919 [DEBUG] com.github.elkanuco.stream.encryption.PgpEncryptionService: Encrypted 861342 bytes
2020.05.21 17:04:23.922 [DEBUG] com.github.elkanuco.stream.encryption.PgpEncryptionService: Finished encryption
2020.05.21 17:04:23.924 [INFO] com.github.elkanuco.stream.encryption.PgpServiceTest: Encrypted stream size is 0 MB
2020.05.21 17:04:23.970 [DEBUG] com.github.elkanuco.stream.encryption.PgpService: Adding provider to java's security manager.
2020.05.21 17:04:23.975 [DEBUG] com.github.elkanuco.stream.encryption.PgpService: Reading publick key.
2020.05.21 17:04:23.975 [DEBUG] com.github.elkanuco.stream.encryption.PgpUtils: Starting PGP encryption.
2020.05.21 17:04:23.975 [DEBUG] com.github.elkanuco.stream.encryption.PgpCompressionService: Compressing the stream
2020.05.21 17:04:23.976 [DEBUG] com.github.elkanuco.stream.encryption.PgpCompressionService: Compressed 25 bytes
2020.05.21 17:04:23.976 [DEBUG] com.github.elkanuco.stream.encryption.PgpEncryptionService: Encrypting the stream
2020.05.21 17:04:23.977 [DEBUG] com.github.elkanuco.stream.encryption.PgpCompressionService: Finished compression
2020.05.21 17:04:23.980 [DEBUG] com.github.elkanuco.stream.encryption.PgpEncryptionService: Encrypted 55 bytes
2020.05.21 17:04:23.981 [DEBUG] com.github.elkanuco.stream.encryption.PgpEncryptionService: Finished encryption
2020.05.21 17:04:23.991 [DEBUG] com.github.elkanuco.stream.encryption.PgpService: Adding provider to java's security manager.
2020.05.21 17:04:23.994 [DEBUG] com.github.elkanuco.stream.encryption.PgpService: Reading publick key.
2020.05.21 17:04:23.996 [DEBUG] com.github.elkanuco.stream.encryption.PgpUtils: Starting PGP encryption.
2020.05.21 17:04:23.996 [DEBUG] com.github.elkanuco.stream.encryption.PgpCompressionService: Compressing the stream
2020.05.21 17:04:23.997 [DEBUG] com.github.elkanuco.stream.encryption.PgpEncryptionService: Encrypting the stream
2020.05.21 17:04:23.997 [DEBUG] com.github.elkanuco.stream.encryption.PgpCompressionService: Compressed 25 bytes
2020.05.21 17:04:23.999 [DEBUG] com.github.elkanuco.stream.encryption.PgpCompressionService: Finished compression
2020.05.21 17:04:24.000 [DEBUG] com.github.elkanuco.stream.encryption.PgpEncryptionService: Encrypted 55 bytes
2020.05.21 17:04:24.000 [DEBUG] com.github.elkanuco.stream.encryption.PgpEncryptionService: Finished encryption
2020.05.21 17:04:24.013 [DEBUG] com.github.elkanuco.stream.encryption.PgpService: Adding provider to java's security manager.
2020.05.21 17:04:24.018 [DEBUG] com.github.elkanuco.stream.encryption.PgpService: Reading publick key.
2020.05.21 17:04:24.018 [DEBUG] com.github.elkanuco.stream.encryption.PgpUtils: Starting PGP encryption.
2020.05.21 17:04:24.018 [DEBUG] com.github.elkanuco.stream.encryption.PgpCompressionService: Compressing the stream
2020.05.21 17:04:24.019 [DEBUG] com.github.elkanuco.stream.encryption.PgpEncryptionService: Encrypting the stream
2020.05.21 17:04:24.019 [DEBUG] com.github.elkanuco.stream.encryption.PgpCompressionService: Compressed 25 bytes
2020.05.21 17:04:24.020 [DEBUG] com.github.elkanuco.stream.encryption.PgpEncryptionService: Finished encryption
2020.05.21 17:04:24.020 [DEBUG] com.github.elkanuco.stream.encryption.PgpCompressionService: Finished compression
